#
# A fatal error has been detected by the Java Runtime Environment:
#
#  EXCEPTION_ACCESS_VIOLATION (0xc0000005) at pc=0x00007ffcd8aeeceb, pid=15224, tid=13780
#
# JRE version: OpenJDK Runtime Environment (11.0.11+9) (build 11.0.11+9-b60-7590822)
# Java VM: OpenJDK 64-Bit Server VM (11.0.11+9-b60-7590822, mixed mode, tiered, compressed oops, g1 gc, windows-amd64)
# Problematic frame:
# V  [jvm.dll+0x1aeceb]
#
# No core dump will be written. Minidumps are not enabled by default on client versions of Windows
#
# If you would like to submit a bug report, please visit:
#   https://bugreport.java.com/bugreport/crash.jsp
#

---------------  S U M M A R Y ------------

Command Line: --add-opens=java.base/java.util=ALL-UNNAMED --add-opens=java.base/java.lang=ALL-UNNAMED --add-opens=java.base/java.lang.invoke=ALL-UNNAMED --add-opens=java.base/java.util=ALL-UNNAMED --add-opens=java.prefs/java.util.prefs=ALL-UNNAMED --add-opens=java.prefs/java.util.prefs=ALL-UNNAMED --add-opens=java.base/java.nio.charset=ALL-UNNAMED --add-opens=java.base/java.net=ALL-UNNAMED --add-opens=java.base/java.util.concurrent.atomic=ALL-UNNAMED -Xmx2048m -Dfile.encoding=UTF-8 -Duser.country=ID -Duser.language=en -Duser.variant org.gradle.launcher.daemon.bootstrap.GradleDaemon 7.2

Host: Intel(R) Core(TM) i5-4310U CPU @ 2.00GHz, 4 cores, 11G,  Windows 10 , 64 bit Build 19041 (10.0.19041.1706)
Time: Fri May 27 19:48:18 2022 SE Asia Standard Time elapsed time: 6261.704565 seconds (0d 1h 44m 21s)

---------------  T H R E A D  ---------------

Current thread (0x0000029b079f3000):  JavaThread "C2 CompilerThread1" daemon [_thread_in_vm, id=13780, stack(0x000000ce17f00000,0x000000ce18000000)]


Current CompileTask:
C2:6261704 15417       4       jdk.internal.reflect.NativeMethodAccessorImpl::invoke (104 bytes)

Stack: [0x000000ce17f00000,0x000000ce18000000],  sp=0x000000ce17ffd910,  free space=1014k
Native frames: (J=compiled Java code, j=interpreted, Vv=VM code, C=native code)
V  [jvm.dll+0x1aeceb]
V  [jvm.dll+0x1af442]
V  [jvm.dll+0x1ad3e1]
V  [jvm.dll+0x1ac6d0]
V  [jvm.dll+0x1a7319]
V  [jvm.dll+0x1a7484]
V  [jvm.dll+0x1fadfd]
V  [jvm.dll+0x183d6c]
V  [jvm.dll+0x209a57]
V  [jvm.dll+0x2082a1]
V  [jvm.dll+0x6ef58f]
V  [jvm.dll+0x6e80b5]
V  [jvm.dll+0x5f1036]
C  [ucrtbase.dll+0x21bb2]
C  [KERNEL32.DLL+0x17034]
C  [ntdll.dll+0x52651]


siginfo: EXCEPTION_ACCESS_VIOLATION (0xc0000005), reading address 0xffffffffffffffff


Register to memory mapping:

RIP=0x00007ffcd8aeeceb jvm.dll
RAX=0x0000029b0969a4b0 points into unknown readable memory: 0x0000000000000000 | 00 00 00 00 00 00 00 00
RBX=0x0102d8200405039f is an unknown value
RCX=0x0102d8200405039f is an unknown value
RDX=0x0102d8200405039f is an unknown value
RSP=0x000000ce17ffd910 is pointing into the stack for thread: 0x0000029b079f3000
RBP=0x0102d8200405039f is an unknown value
RSI=0x0000029b079f3000 is a thread
RDI=0x0000029b0bf3e820 points into unknown readable memory: 0x000000ce17fff418 | 18 f4 ff 17 ce 00 00 00
R8 =0x0000000000000002 is an unknown value
R9 =0x0000029b0bf3ea50 points into unknown readable memory: 0x0000008000000070 | 70 00 00 00 80 00 00 00
R10=0x0000029b0fcf69e0 points into unknown readable memory: 0x0000029b0606a6f0 | f0 a6 06 06 9b 02 00 00
R11=0x0000029b0fcf76a9 points into unknown readable memory: 4d 44 4f 20 65 78 74
R12=0x0000000000000008 is an unknown value
R13=0x0000029b0bf3fca0 points into unknown readable memory: 0x00007ffcd9142538 | 38 25 14 d9 fc 7f 00 00
R14=0x0000029b0bf3e820 points into unknown readable memory: 0x000000ce17fff418 | 18 f4 ff 17 ce 00 00 00
R15=0x0000000000000070 is an unknown value


Registers:
RAX=0x0000029b0969a4b0, RBX=0x0102d8200405039f, RCX=0x0102d8200405039f, RDX=0x0102d8200405039f
RSP=0x000000ce17ffd910, RBP=0x0102d8200405039f, RSI=0x0000029b079f3000, RDI=0x0000029b0bf3e820
R8 =0x0000000000000002, R9 =0x0000029b0bf3ea50, R10=0x0000029b0fcf69e0, R11=0x0000029b0fcf76a9
R12=0x0000000000000008, R13=0x0000029b0bf3fca0, R14=0x0000029b0bf3e820, R15=0x0000000000000070
RIP=0x00007ffcd8aeeceb, EFLAGS=0x0000000000010202

Top of Stack: (sp=0x000000ce17ffd910)
0x000000ce17ffd910:   0000000000000000 0000029b068b0440
0x000000ce17ffd920:   0000029b068b0130 0000029b0bf3f7e0
0x000000ce17ffd930:   000002fe00000000 00007ffcd8f041d0
0x000000ce17ffd940:   0000029b0bf3fda0 00007ffcd8aef442
0x000000ce17ffd950:   0000000000000001 0000000000000070
0x000000ce17ffd960:   0000000000000000 0000029b0bf3e820
0x000000ce17ffd970:   0000029b11e20190 0000000000000004
0x000000ce17ffd980:   0000029b0bf3fdb0 00007ffcd8aed3e1
0x000000ce17ffd990:   0000029b0bf3fda0 0000000000000001
0x000000ce17ffd9a0:   0000000000000020 0000029b0fcf7600
0x000000ce17ffd9b0:   0000029b0bf3fda0 0000029b0fcf7600
0x000000ce17ffd9c0:   00000000000000e0 00007ffcd8aec6d0
0x000000ce17ffd9d0:   0000029b099deb10 0000029b0adcce20
0x000000ce17ffd9e0:   0000029b0bf3fbc0 0000029b0bf3fdb0
0x000000ce17ffd9f0:   000000ce17ffe750 0000029b0969a4b8
0x000000ce17ffda00:   0000029b7f4d4810 0000000000000000 

Instructions: (pc=0x00007ffcd8aeeceb)
0x00007ffcd8aeebeb:   e4 48 89 5e 30 eb 04 4c 89 76 30 48 8b 5c 24 30
0x00007ffcd8aeebfb:   48 8b c6 48 8b 74 24 40 48 8b 6c 24 38 48 8b 7c
0x00007ffcd8aeec0b:   24 48 48 83 c4 20 41 5e c3 cc cc cc cc cc cc cc
0x00007ffcd8aeec1b:   cc cc cc cc cc 48 89 5c 24 08 57 48 83 ec 20 48
0x00007ffcd8aeec2b:   8b da 48 8b f9 e8 bb f7 ff ff 48 8d 05 f4 43 65
0x00007ffcd8aeec3b:   00 48 89 07 48 85 db 75 04 33 c9 eb 03 48 8b 0b
0x00007ffcd8aeec4b:   80 3d 26 dc 84 00 00 b8 10 00 00 00 48 8b 5c 24
0x00007ffcd8aeec5b:   30 ba 0c 00 00 00 0f 45 c2 48 98 8b 0c 08 48 8d
0x00007ffcd8aeec6b:   05 b8 46 65 00 48 89 07 48 8b c7 89 4f 20 48 83
0x00007ffcd8aeec7b:   c4 20 5f c3 cc 48 8b 05 79 b2 86 00 c3 cc cc cc
0x00007ffcd8aeec8b:   cc cc cc cc cc 48 8b 05 71 b2 86 00 c3 cc cc cc
0x00007ffcd8aeec9b:   cc cc cc cc cc 48 8b 05 69 b2 86 00 c3 cc cc cc
0x00007ffcd8aeecab:   cc cc cc cc cc 48 89 5c 24 10 48 89 74 24 18 48
0x00007ffcd8aeecbb:   89 7c 24 20 41 56 48 83 ec 30 44 8b 05 b0 9d 88
0x00007ffcd8aeeccb:   00 4c 8b f1 65 48 8b 04 25 58 00 00 00 48 8b ca
0x00007ffcd8aeecdb:   be 08 00 00 00 48 8b da 4a 8b 04 c0 48 8b 34 06
0x00007ffcd8aeeceb:   48 8b 02 ff 50 08 84 c0 0f 84 91 00 00 00 8b 43
0x00007ffcd8aeecfb:   08 85 c0 7e 2e 49 8b 16 b9 88 00 00 00 e8 53 4a
0x00007ffcd8aeed0b:   f0 ff 48 85 c0 74 13 48 8b d3 48 8b c8 e8 33 47
0x00007ffcd8aeed1b:   ff ff 48 8b d8 e9 b7 01 00 00 33 db 8b c3 e9 ae
0x00007ffcd8aeed2b:   01 00 00 3d 00 00 00 c0 7d 25 49 8b 16 b9 48 00
0x00007ffcd8aeed3b:   00 00 e8 1e 4a f0 ff 48 85 c0 74 de 48 8b d3 48
0x00007ffcd8aeed4b:   8b c8 e8 4e f0 ff ff 48 8b d8 e9 82 01 00 00 3d
0x00007ffcd8aeed5b:   00 00 00 c0 0f 82 5f 01 00 00 49 8b 16 b9 38 00
0x00007ffcd8aeed6b:   00 00 e8 ee 49 f0 ff 48 85 c0 74 ae 48 8b d3 48
0x00007ffcd8aeed7b:   8b c8 e8 8e 51 00 00 48 8b d8 e9 52 01 00 00 48
0x00007ffcd8aeed8b:   8b 03 48 8b cb ff 50 10 84 c0 0f 84 96 00 00 00
0x00007ffcd8aeed9b:   48 89 5c 24 20 48 89 74 24 28 48 8b be 88 02 00
0x00007ffcd8aeedab:   00 8b 17 3b 57 04 75 08 48 8b cf e8 f5 99 fa ff
0x00007ffcd8aeedbb:   48 63 0f 8d 41 01 89 07 48 8b 47 18 48 89 1c c8
0x00007ffcd8aeedcb:   33 db 48 8b 44 24 20 4c 8b 86 d0 04 00 00 48 8b
0x00007ffcd8aeeddb:   48 08 48 8b 41 08 48 8b 50 18 48 85 d2 75 04 8b 


Stack slot to memory mapping:
stack at sp + 0 slots: 0x0 is NULL
stack at sp + 1 slots: 0x0000029b068b0440 points into unknown readable memory: 0x0000000200000001 | 01 00 00 00 02 00 00 00
stack at sp + 2 slots: 0x0000029b068b0130 points into unknown readable memory: 0x0000000200000002 | 02 00 00 00 02 00 00 00
stack at sp + 3 slots: 0x0000029b0bf3f7e0 points into unknown readable memory: 0x000000ce17ffe9f8 | f8 e9 ff 17 ce 00 00 00
stack at sp + 4 slots: 0x000002fe00000000 is an unknown value
stack at sp + 5 slots: 0x00007ffcd8f041d0 jvm.dll
stack at sp + 6 slots: 0x0000029b0bf3fda0 points into unknown readable memory: 0x00007ffcd91427d8 | d8 27 14 d9 fc 7f 00 00
stack at sp + 7 slots: 0x00007ffcd8aef442 jvm.dll


---------------  P R O C E S S  ---------------

Threads class SMR info:
_java_thread_list=0x0000029b0bf20620, length=38, elements={
0x0000029b6b15c800, 0x0000029b7f531000, 0x0000029b7f53f000, 0x0000029b7f547000,
0x0000029b7f548000, 0x0000029b7f54a000, 0x0000029b7f54d000, 0x0000029b0605d800,
0x0000029b06061800, 0x0000029b061c2800, 0x0000029b07a4f000, 0x0000029b064b9000,
0x0000029b079b0000, 0x0000029b07ab3000, 0x0000029b07ab0800, 0x0000029b07ab1800,
0x0000029b091eb000, 0x0000029b091ed000, 0x0000029b091ec000, 0x0000029b091e9000,
0x0000029b091ed800, 0x0000029b091ee800, 0x0000029b091ea800, 0x0000029b091f4000,
0x0000029b071a5000, 0x0000029b071a7000, 0x0000029b071aa000, 0x0000029b071a4800,
0x0000029b071ab000, 0x0000029b071ab800, 0x0000029b071a7800, 0x0000029b071a6000,
0x0000029b071b0000, 0x0000029b071ac800, 0x0000029b079f3000, 0x0000029b071b0800,
0x0000029b071b1800, 0x0000029b071b2000
}

Java Threads: ( => current thread )
  0x0000029b6b15c800 JavaThread "main" [_thread_blocked, id=11504, stack(0x000000ce16200000,0x000000ce16300000)]
  0x0000029b7f531000 JavaThread "Reference Handler" daemon [_thread_blocked, id=6028, stack(0x000000ce16900000,0x000000ce16a00000)]
  0x0000029b7f53f000 JavaThread "Finalizer" daemon [_thread_blocked, id=4028, stack(0x000000ce16a00000,0x000000ce16b00000)]
  0x0000029b7f547000 JavaThread "Signal Dispatcher" daemon [_thread_blocked, id=10000, stack(0x000000ce16b00000,0x000000ce16c00000)]
  0x0000029b7f548000 JavaThread "Attach Listener" daemon [_thread_blocked, id=10692, stack(0x000000ce16c00000,0x000000ce16d00000)]
  0x0000029b7f54a000 JavaThread "Service Thread" daemon [_thread_blocked, id=8024, stack(0x000000ce16d00000,0x000000ce16e00000)]
  0x0000029b7f54d000 JavaThread "C2 CompilerThread0" daemon [_thread_blocked, id=13776, stack(0x000000ce16e00000,0x000000ce16f00000)]
  0x0000029b0605d800 JavaThread "C1 CompilerThread0" daemon [_thread_blocked, id=14228, stack(0x000000ce16f00000,0x000000ce17000000)]
  0x0000029b06061800 JavaThread "Sweeper thread" daemon [_thread_blocked, id=1228, stack(0x000000ce17000000,0x000000ce17100000)]
  0x0000029b061c2800 JavaThread "Common-Cleaner" daemon [_thread_blocked, id=14996, stack(0x000000ce17100000,0x000000ce17200000)]
  0x0000029b07a4f000 JavaThread "Daemon health stats" [_thread_blocked, id=12564, stack(0x000000ce17700000,0x000000ce17800000)]
  0x0000029b064b9000 JavaThread "Incoming local TCP Connector on port 61914" [_thread_in_native, id=3604, stack(0x000000ce17300000,0x000000ce17400000)]
  0x0000029b079b0000 JavaThread "Daemon periodic checks" [_thread_blocked, id=13892, stack(0x000000ce17800000,0x000000ce17900000)]
  0x0000029b07ab3000 JavaThread "Cache worker for journal cache (C:\Users\TOSHIBA\.gradle\caches\journal-1)" [_thread_blocked, id=640, stack(0x000000ce18100000,0x000000ce18200000)]
  0x0000029b07ab0800 JavaThread "File lock request listener" [_thread_in_native, id=12792, stack(0x000000ce18200000,0x000000ce18300000)]
  0x0000029b07ab1800 JavaThread "Cache worker for file hash cache (C:\Users\TOSHIBA\.gradle\caches\7.2\fileHashes)" [_thread_blocked, id=6872, stack(0x000000ce18300000,0x000000ce18400000)]
  0x0000029b091eb000 JavaThread "File watcher server" daemon [_thread_in_native, id=14188, stack(0x000000ce18500000,0x000000ce18600000)]
  0x0000029b091ed000 JavaThread "File watcher consumer" daemon [_thread_blocked, id=7852, stack(0x000000ce18600000,0x000000ce18700000)]
  0x0000029b091ec000 JavaThread "jar transforms" [_thread_blocked, id=900, stack(0x000000ce18700000,0x000000ce18800000)]
  0x0000029b091e9000 JavaThread "jar transforms Thread 2" [_thread_blocked, id=12924, stack(0x000000ce18800000,0x000000ce18900000)]
  0x0000029b091ed800 JavaThread "jar transforms Thread 3" [_thread_blocked, id=13344, stack(0x000000ce18900000,0x000000ce18a00000)]
  0x0000029b091ee800 JavaThread "jar transforms Thread 4" [_thread_blocked, id=1720, stack(0x000000ce18a00000,0x000000ce18b00000)]
  0x0000029b091ea800 JavaThread "Cache worker for execution history cache (C:\Users\TOSHIBA\.gradle\caches\7.2\executionHistory)" [_thread_blocked, id=14220, stack(0x000000ce18e00000,0x000000ce18f00000)]
  0x0000029b091f4000 JavaThread "Cache worker for file content cache (C:\Users\TOSHIBA\.gradle\caches\7.2\fileContent)" [_thread_blocked, id=15080, stack(0x000000ce18f00000,0x000000ce19000000)]
  0x0000029b071a5000 JavaThread "Memory manager" [_thread_blocked, id=8624, stack(0x000000ce1ba00000,0x000000ce1bb00000)]
  0x0000029b071a7000 JavaThread "Daemon Thread 2" [_thread_blocked, id=6636, stack(0x000000ce15f00000,0x000000ce16000000)]
  0x0000029b071aa000 JavaThread "Handler for socket connection from /127.0.0.1:61914 to /127.0.0.1:62049" [_thread_in_native, id=14112, stack(0x000000ce16000000,0x000000ce16100000)]
  0x0000029b071a4800 JavaThread "Cancel handler" [_thread_blocked, id=12004, stack(0x000000ce16100000,0x000000ce16200000)]
  0x0000029b071ab000 JavaThread "Daemon worker Thread 2" [_thread_blocked, id=10468, stack(0x000000ce17900000,0x000000ce17a00000)]
  0x0000029b071ab800 JavaThread "Asynchronous log dispatcher for DefaultDaemonConnection: socket connection from /127.0.0.1:61914 to /127.0.0.1:62049" [_thread_blocked, id=11592, stack(0x000000ce17a00000,0x000000ce17b00000)]
  0x0000029b071a7800 JavaThread "Stdin handler" [_thread_blocked, id=1308, stack(0x000000ce17b00000,0x000000ce17c00000)]
  0x0000029b071a6000 JavaThread "Daemon client event forwarder" [_thread_blocked, id=1828, stack(0x000000ce17c00000,0x000000ce17d00000)]
  0x0000029b071b0000 JavaThread "Cache worker for file hash cache (C:\Users\Public\Documents\ChallengeSeven\.gradle\7.2\fileHashes)" [_thread_blocked, id=5324, stack(0x000000ce17d00000,0x000000ce17e00000)]
  0x0000029b071ac800 JavaThread "Cache worker for checksums cache (C:\Users\Public\Documents\ChallengeSeven\.gradle\checksums)" [_thread_blocked, id=9028, stack(0x000000ce17e00000,0x000000ce17f00000)]
=>0x0000029b079f3000 JavaThread "C2 CompilerThread1" daemon [_thread_in_vm, id=13780, stack(0x000000ce17f00000,0x000000ce18000000)]
  0x0000029b071b0800 JavaThread "Cache worker for cache directory md-supplier (C:\Users\TOSHIBA\.gradle\caches\7.2\md-supplier)" [_thread_blocked, id=8208, stack(0x000000ce18000000,0x000000ce18100000)]
  0x0000029b071b1800 JavaThread "Cache worker for cache directory md-rule (C:\Users\TOSHIBA\.gradle\caches\7.2\md-rule)" [_thread_blocked, id=240, stack(0x000000ce18400000,0x000000ce18500000)]
  0x0000029b071b2000 JavaThread "Cache worker for dependencies-accessors (C:\Users\Public\Documents\ChallengeSeven\.gradle\7.2\dependencies-accessors)" [_thread_blocked, id=10224, stack(0x000000ce18b00000,0x000000ce18c00000)]

Other Threads:
  0x0000029b06007000 VMThread "VM Thread" [stack: 0x000000ce16800000,0x000000ce16900000] [id=7256]
  0x0000029b06227800 WatcherThread [stack: 0x000000ce17200000,0x000000ce17300000] [id=8120]
  0x0000029b6b174000 GCTaskThread "GC Thread#0" [stack: 0x000000ce16300000,0x000000ce16400000] [id=11336]
  0x0000029b06e65800 GCTaskThread "GC Thread#1" [stack: 0x000000ce17400000,0x000000ce17500000] [id=6632]
  0x0000029b06cda800 GCTaskThread "GC Thread#2" [stack: 0x000000ce17500000,0x000000ce17600000] [id=7992]
  0x0000029b063ec800 GCTaskThread "GC Thread#3" [stack: 0x000000ce17600000,0x000000ce17700000] [id=9444]
  0x0000029b6b1a8800 ConcurrentGCThread "G1 Main Marker" [stack: 0x000000ce16400000,0x000000ce16500000] [id=1880]
  0x0000029b6b1aa000 ConcurrentGCThread "G1 Conc#0" [stack: 0x000000ce16500000,0x000000ce16600000] [id=13016]
  0x0000029b7f384800 ConcurrentGCThread "G1 Refine#0" [stack: 0x000000ce16600000,0x000000ce16700000] [id=13832]
  0x0000029b7f385000 ConcurrentGCThread "G1 Young RemSet Sampling" [stack: 0x000000ce16700000,0x000000ce16800000] [id=5416]

Threads with active compile tasks:
C2 CompilerThread06261786 15393       4       org.gradle.internal.service.DefaultServiceRegistry$SingletonService::get (5 bytes)
C1 CompilerThread06261787 15418       3       org.gradle.invocation.DefaultGradle_Decorated::getIdentityPath (39 bytes)
C2 CompilerThread16261787 15417       4       jdk.internal.reflect.NativeMethodAccessorImpl::invoke (104 bytes)

VM state:synchronizing (normal execution)

VM Mutex/Monitor currently owned by a thread:  ([mutex/lock_event])
[0x0000029b6b1599d0] Threads_lock - owner thread: 0x0000029b06007000

Heap address: 0x0000000080000000, size: 2048 MB, Compressed Oops mode: 32-bit
Narrow klass base: 0x0000000000000000, Narrow klass shift: 3
Compressed class space size: 1073741824 Address: 0x0000000100000000

Heap:
 garbage-first heap   total 284672K, used 151552K [0x0000000080000000, 0x0000000100000000)
  region size 1024K, 17 young (17408K), 6 survivors (6144K)
 Metaspace       used 119453K, capacity 122443K, committed 122824K, reserved 1155072K
  class space    used 15191K, capacity 16274K, committed 16512K, reserved 1048576K
Heap Regions: E=young(eden), S=young(survivor), O=old, HS=humongous(starts), HC=humongous(continues), CS=collection set, F=free, A=archive, TAMS=top-at-mark-start (previous, next)
|   0|0x0000000080000000, 0x0000000080100000, 0x0000000080100000|100%| O|  |TAMS 0x0000000080100000, 0x0000000080000000| Untracked 
|   1|0x0000000080100000, 0x0000000080200000, 0x0000000080200000|100%| O|  |TAMS 0x0000000080200000, 0x0000000080100000| Untracked 
|   2|0x0000000080200000, 0x0000000080300000, 0x0000000080300000|100%| O|  |TAMS 0x0000000080300000, 0x0000000080200000| Untracked 
|   3|0x0000000080300000, 0x0000000080400000, 0x0000000080400000|100%|HS|  |TAMS 0x0000000080400000, 0x0000000080300000| Complete 
|   4|0x0000000080400000, 0x0000000080500000, 0x0000000080500000|100%|HC|  |TAMS 0x0000000080500000, 0x0000000080400000| Complete 
|   5|0x0000000080500000, 0x0000000080600000, 0x0000000080600000|100%|HC|  |TAMS 0x0000000080600000, 0x0000000080500000| Complete 
|   6|0x0000000080600000, 0x0000000080700000, 0x0000000080700000|100%| O|  |TAMS 0x0000000080700000, 0x0000000080600000| Untracked 
|   7|0x0000000080700000, 0x0000000080800000, 0x0000000080800000|100%| O|  |TAMS 0x0000000080800000, 0x0000000080700000| Untracked 
|   8|0x0000000080800000, 0x0000000080900000, 0x0000000080900000|100%| O|  |TAMS 0x0000000080900000, 0x0000000080800000| Untracked 
|   9|0x0000000080900000, 0x0000000080a00000, 0x0000000080a00000|100%| O|  |TAMS 0x0000000080a00000, 0x0000000080900000| Untracked 
|  10|0x0000000080a00000, 0x0000000080b00000, 0x0000000080b00000|100%| O|  |TAMS 0x0000000080b00000, 0x0000000080a00000| Untracked 
|  11|0x0000000080b00000, 0x0000000080c00000, 0x0000000080c00000|100%| O|  |TAMS 0x0000000080c00000, 0x0000000080b00000| Untracked 
|  12|0x0000000080c00000, 0x0000000080d00000, 0x0000000080d00000|100%| O|  |TAMS 0x0000000080d00000, 0x0000000080c00000| Untracked 
|  13|0x0000000080d00000, 0x0000000080e00000, 0x0000000080e00000|100%| O|  |TAMS 0x0000000080e00000, 0x0000000080d00000| Untracked 
|  14|0x0000000080e00000, 0x0000000080f00000, 0x0000000080f00000|100%| O|  |TAMS 0x0000000080f00000, 0x0000000080e00000| Untracked 
|  15|0x0000000080f00000, 0x0000000081000000, 0x0000000081000000|100%| O|  |TAMS 0x0000000081000000, 0x0000000080f00000| Untracked 
|  16|0x0000000081000000, 0x0000000081100000, 0x0000000081100000|100%|HS|  |TAMS 0x0000000081100000, 0x0000000081000000| Complete 
|  17|0x0000000081100000, 0x0000000081200000, 0x0000000081200000|100%|HC|  |TAMS 0x0000000081200000, 0x0000000081100000| Complete 
|  18|0x0000000081200000, 0x0000000081300000, 0x0000000081300000|100%|HS|  |TAMS 0x0000000081300000, 0x0000000081200000| Complete 
|  19|0x0000000081300000, 0x0000000081400000, 0x0000000081400000|100%|HC|  |TAMS 0x0000000081400000, 0x0000000081300000| Complete 
|  20|0x0000000081400000, 0x0000000081500000, 0x0000000081500000|100%|HC|  |TAMS 0x0000000081500000, 0x0000000081400000| Complete 
|  21|0x0000000081500000, 0x0000000081600000, 0x0000000081600000|100%|HS|  |TAMS 0x0000000081600000, 0x0000000081500000| Complete 
|  22|0x0000000081600000, 0x0000000081700000, 0x0000000081700000|100%|HC|  |TAMS 0x0000000081700000, 0x0000000081600000| Complete 
|  23|0x0000000081700000, 0x0000000081800000, 0x0000000081800000|100%|HC|  |TAMS 0x0000000081800000, 0x0000000081700000| Complete 
|  24|0x0000000081800000, 0x0000000081900000, 0x0000000081900000|100%|HC|  |TAMS 0x0000000081900000, 0x0000000081800000| Complete 
|  25|0x0000000081900000, 0x0000000081a00000, 0x0000000081a00000|100%|HS|  |TAMS 0x0000000081a00000, 0x0000000081900000| Complete 
|  26|0x0000000081a00000, 0x0000000081b00000, 0x0000000081b00000|100%|HS|  |TAMS 0x0000000081b00000, 0x0000000081a00000| Complete 
|  27|0x0000000081b00000, 0x0000000081c00000, 0x0000000081c00000|100%|HS|  |TAMS 0x0000000081c00000, 0x0000000081b00000| Complete 
|  28|0x0000000081c00000, 0x0000000081d00000, 0x0000000081d00000|100%|HS|  |TAMS 0x0000000081d00000, 0x0000000081c00000| Complete 
|  29|0x0000000081d00000, 0x0000000081e00000, 0x0000000081e00000|100%|HC|  |TAMS 0x0000000081e00000, 0x0000000081d00000| Complete 
|  30|0x0000000081e00000, 0x0000000081f00000, 0x0000000081f00000|100%|HC|  |TAMS 0x0000000081f00000, 0x0000000081e00000| Complete 
|  31|0x0000000081f00000, 0x0000000082000000, 0x0000000082000000|100%|HS|  |TAMS 0x0000000082000000, 0x0000000081f00000| Complete 
|  32|0x0000000082000000, 0x0000000082100000, 0x0000000082100000|100%| O|  |TAMS 0x0000000082100000, 0x0000000082000000| Untracked 
|  33|0x0000000082100000, 0x0000000082200000, 0x0000000082200000|100%| O|  |TAMS 0x0000000082200000, 0x0000000082100000| Untracked 
|  34|0x0000000082200000, 0x0000000082300000, 0x0000000082300000|100%| O|  |TAMS 0x0000000082300000, 0x0000000082200000| Untracked 
|  35|0x0000000082300000, 0x0000000082400000, 0x0000000082400000|100%|HS|  |TAMS 0x0000000082400000, 0x0000000082300000| Complete 
|  36|0x0000000082400000, 0x0000000082500000, 0x0000000082500000|100%|HC|  |TAMS 0x0000000082500000, 0x0000000082400000| Complete 
|  37|0x0000000082500000, 0x0000000082600000, 0x0000000082600000|100%|HC|  |TAMS 0x0000000082600000, 0x0000000082500000| Complete 
|  38|0x0000000082600000, 0x0000000082700000, 0x0000000082700000|100%|HC|  |TAMS 0x0000000082700000, 0x0000000082600000| Complete 
|  39|0x0000000082700000, 0x0000000082800000, 0x0000000082800000|100%|HS|  |TAMS 0x0000000082800000, 0x0000000082700000| Complete 
|  40|0x0000000082800000, 0x0000000082900000, 0x0000000082900000|100%|HC|  |TAMS 0x0000000082900000, 0x0000000082800000| Complete 
|  41|0x0000000082900000, 0x0000000082a00000, 0x0000000082a00000|100%|HC|  |TAMS 0x0000000082a00000, 0x0000000082900000| Complete 
|  42|0x0000000082a00000, 0x0000000082b00000, 0x0000000082b00000|100%|HS|  |TAMS 0x0000000082b00000, 0x0000000082a00000| Complete 
|  43|0x0000000082b00000, 0x0000000082c00000, 0x0000000082c00000|100%|HC|  |TAMS 0x0000000082c00000, 0x0000000082b00000| Complete 
|  44|0x0000000082c00000, 0x0000000082d00000, 0x0000000082d00000|100%| O|  |TAMS 0x0000000082d00000, 0x0000000082c00000| Untracked 
|  45|0x0000000082d00000, 0x0000000082e00000, 0x0000000082e00000|100%| O|  |TAMS 0x0000000082e00000, 0x0000000082d00000| Untracked 
|  46|0x0000000082e00000, 0x0000000082f00000, 0x0000000082f00000|100%| O|  |TAMS 0x0000000082f00000, 0x0000000082e00000| Untracked 
|  47|0x0000000082f00000, 0x0000000083000000, 0x0000000083000000|100%| O|  |TAMS 0x0000000083000000, 0x0000000082f00000| Untracked 
|  48|0x0000000083000000, 0x0000000083100000, 0x0000000083100000|100%| O|  |TAMS 0x0000000083100000, 0x0000000083000000| Untracked 
|  49|0x0000000083100000, 0x0000000083200000, 0x0000000083200000|100%| O|  |TAMS 0x0000000083200000, 0x0000000083100000| Untracked 
|  50|0x0000000083200000, 0x0000000083300000, 0x0000000083300000|100%| O|  |TAMS 0x0000000083300000, 0x0000000083200000| Untracked 
|  51|0x0000000083300000, 0x0000000083400000, 0x0000000083400000|100%| O|  |TAMS 0x0000000083400000, 0x0000000083300000| Untracked 
|  52|0x0000000083400000, 0x0000000083500000, 0x0000000083500000|100%| O|  |TAMS 0x0000000083500000, 0x0000000083400000| Untracked 
|  53|0x0000000083500000, 0x0000000083600000, 0x0000000083600000|100%| O|  |TAMS 0x0000000083600000, 0x0000000083500000| Untracked 
|  54|0x0000000083600000, 0x0000000083700000, 0x0000000083700000|100%| O|  |TAMS 0x0000000083700000, 0x0000000083600000| Untracked 
|  55|0x0000000083700000, 0x0000000083800000, 0x0000000083800000|100%| O|  |TAMS 0x0000000083800000, 0x0000000083700000| Untracked 
|  56|0x0000000083800000, 0x0000000083900000, 0x0000000083900000|100%| O|  |TAMS 0x0000000083900000, 0x0000000083800000| Untracked 
|  57|0x0000000083900000, 0x0000000083a00000, 0x0000000083a00000|100%| O|  |TAMS 0x0000000083a00000, 0x0000000083900000| Untracked 
|  58|0x0000000083a00000, 0x0000000083b00000, 0x0000000083b00000|100%| O|  |TAMS 0x0000000083b00000, 0x0000000083a00000| Untracked 
|  59|0x0000000083b00000, 0x0000000083c00000, 0x0000000083c00000|100%| O|  |TAMS 0x0000000083c00000, 0x0000000083b00000| Untracked 
|  60|0x0000000083c00000, 0x0000000083d00000, 0x0000000083d00000|100%| O|  |TAMS 0x0000000083d00000, 0x0000000083c00000| Untracked 
|  61|0x0000000083d00000, 0x0000000083e00000, 0x0000000083e00000|100%| O|  |TAMS 0x0000000083e00000, 0x0000000083d00000| Untracked 
|  62|0x0000000083e00000, 0x0000000083f00000, 0x0000000083f00000|100%| O|  |TAMS 0x0000000083f00000, 0x0000000083e00000| Untracked 
|  63|0x0000000083f00000, 0x0000000084000000, 0x0000000084000000|100%| O|  |TAMS 0x0000000084000000, 0x0000000083f00000| Untracked 
|  64|0x0000000084000000, 0x0000000084100000, 0x0000000084100000|100%| O|  |TAMS 0x0000000084100000, 0x0000000084000000| Untracked 
|  65|0x0000000084100000, 0x0000000084200000, 0x0000000084200000|100%| O|  |TAMS 0x0000000084200000, 0x0000000084100000| Untracked 
|  66|0x0000000084200000, 0x0000000084300000, 0x0000000084300000|100%| O|  |TAMS 0x0000000084300000, 0x0000000084200000| Untracked 
|  67|0x0000000084300000, 0x0000000084400000, 0x0000000084400000|100%| O|  |TAMS 0x0000000084400000, 0x0000000084300000| Untracked 
|  68|0x0000000084400000, 0x0000000084500000, 0x0000000084500000|100%| O|  |TAMS 0x0000000084500000, 0x0000000084400000| Untracked 
|  69|0x0000000084500000, 0x0000000084600000, 0x0000000084600000|100%| O|  |TAMS 0x0000000084600000, 0x0000000084500000| Untracked 
|  70|0x0000000084600000, 0x0000000084700000, 0x0000000084700000|100%| O|  |TAMS 0x0000000084700000, 0x0000000084600000| Untracked 
|  71|0x0000000084700000, 0x0000000084800000, 0x0000000084800000|100%| O|  |TAMS 0x0000000084800000, 0x0000000084700000| Untracked 
|  72|0x0000000084800000, 0x0000000084900000, 0x0000000084900000|100%| O|  |TAMS 0x0000000084900000, 0x0000000084800000| Untracked 
|  73|0x0000000084900000, 0x0000000084a00000, 0x0000000084a00000|100%| O|  |TAMS 0x0000000084a00000, 0x0000000084900000| Untracked 
|  74|0x0000000084a00000, 0x0000000084b00000, 0x0000000084b00000|100%| O|  |TAMS 0x0000000084b00000, 0x0000000084a00000| Untracked 
|  75|0x0000000084b00000, 0x0000000084c00000, 0x0000000084c00000|100%| O|  |TAMS 0x0000000084c00000, 0x0000000084b00000| Untracked 
|  76|0x0000000084c00000, 0x0000000084d00000, 0x0000000084d00000|100%| O|  |TAMS 0x0000000084d00000, 0x0000000084c00000| Untracked 
|  77|0x0000000084d00000, 0x0000000084e00000, 0x0000000084e00000|100%| O|  |TAMS 0x0000000084e00000, 0x0000000084d00000| Untracked 
|  78|0x0000000084e00000, 0x0000000084f00000, 0x0000000084f00000|100%| O|  |TAMS 0x0000000084f00000, 0x0000000084e00000| Untracked 
|  79|0x0000000084f00000, 0x0000000085000000, 0x0000000085000000|100%|HS|  |TAMS 0x0000000085000000, 0x0000000084f00000| Complete 
|  80|0x0000000085000000, 0x0000000085100000, 0x0000000085100000|100%|HC|  |TAMS 0x0000000085100000, 0x0000000085000000| Complete 
|  81|0x0000000085100000, 0x0000000085200000, 0x0000000085200000|100%|HS|  |TAMS 0x0000000085200000, 0x0000000085100000| Complete 
|  82|0x0000000085200000, 0x0000000085300000, 0x0000000085300000|100%|HC|  |TAMS 0x0000000085300000, 0x0000000085200000| Complete 
|  83|0x0000000085300000, 0x0000000085400000, 0x0000000085400000|100%|HC|  |TAMS 0x0000000085400000, 0x0000000085300000| Complete 
|  84|0x0000000085400000, 0x0000000085500000, 0x0000000085500000|100%|HS|  |TAMS 0x0000000085500000, 0x0000000085400000| Complete 
|  85|0x0000000085500000, 0x0000000085600000, 0x0000000085600000|100%|HC|  |TAMS 0x0000000085600000, 0x0000000085500000| Complete 
|  86|0x0000000085600000, 0x0000000085700000, 0x0000000085700000|100%|HC|  |TAMS 0x0000000085700000, 0x0000000085600000| Complete 
|  87|0x0000000085700000, 0x0000000085800000, 0x0000000085800000|100%|HC|  |TAMS 0x0000000085800000, 0x0000000085700000| Complete 
|  88|0x0000000085800000, 0x0000000085900000, 0x0000000085900000|100%| O|  |TAMS 0x0000000085900000, 0x0000000085800000| Untracked 
|  89|0x0000000085900000, 0x0000000085a00000, 0x0000000085a00000|100%| O|  |TAMS 0x0000000085a00000, 0x0000000085900000| Untracked 
|  90|0x0000000085a00000, 0x0000000085b00000, 0x0000000085b00000|100%| O|  |TAMS 0x0000000085b00000, 0x0000000085a00000| Untracked 
|  91|0x0000000085b00000, 0x0000000085c00000, 0x0000000085c00000|100%| O|  |TAMS 0x0000000085c00000, 0x0000000085b00000| Untracked 
|  92|0x0000000085c00000, 0x0000000085d00000, 0x0000000085d00000|100%| O|  |TAMS 0x0000000085d00000, 0x0000000085c00000| Untracked 
|  93|0x0000000085d00000, 0x0000000085e00000, 0x0000000085e00000|100%| O|  |TAMS 0x0000000085e00000, 0x0000000085d00000| Untracked 
|  94|0x0000000085e00000, 0x0000000085f00000, 0x0000000085f00000|100%| O|  |TAMS 0x0000000085f00000, 0x0000000085e00000| Untracked 
|  95|0x0000000085f00000, 0x0000000086000000, 0x0000000086000000|100%| O|  |TAMS 0x0000000086000000, 0x0000000085f00000| Untracked 
|  96|0x0000000086000000, 0x0000000086100000, 0x0000000086100000|100%| O|  |TAMS 0x0000000086100000, 0x0000000086000000| Untracked 
|  97|0x0000000086100000, 0x0000000086200000, 0x0000000086200000|100%| O|  |TAMS 0x0000000086200000, 0x0000000086100000| Untracked 
|  98|0x0000000086200000, 0x0000000086300000, 0x0000000086300000|100%| O|  |TAMS 0x0000000086300000, 0x0000000086200000| Untracked 
|  99|0x0000000086300000, 0x0000000086400000, 0x0000000086400000|100%| O|  |TAMS 0x0000000086400000, 0x0000000086300000| Untracked 
| 100|0x0000000086400000, 0x0000000086500000, 0x0000000086500000|100%| O|  |TAMS 0x0000000086500000, 0x0000000086400000| Untracked 
| 101|0x0000000086500000, 0x0000000086600000, 0x0000000086600000|100%| O|  |TAMS 0x0000000086600000, 0x0000000086500000| Untracked 
| 102|0x0000000086600000, 0x0000000086700000, 0x0000000086700000|100%| O|  |TAMS 0x0000000086700000, 0x0000000086600000| Untracked 
| 103|0x0000000086700000, 0x0000000086800000, 0x0000000086800000|100%| O|  |TAMS 0x0000000086800000, 0x0000000086700000| Untracked 
| 104|0x0000000086800000, 0x0000000086900000, 0x0000000086900000|100%| O|  |TAMS 0x0000000086900000, 0x0000000086800000| Untracked 
| 105|0x0000000086900000, 0x0000000086a00000, 0x0000000086a00000|100%| O|  |TAMS 0x0000000086a00000, 0x0000000086900000| Untracked 
| 106|0x0000000086a00000, 0x0000000086b00000, 0x0000000086b00000|100%| O|  |TAMS 0x0000000086b00000, 0x0000000086a00000| Untracked 
| 107|0x0000000086b00000, 0x0000000086c00000, 0x0000000086c00000|100%| O|  |TAMS 0x0000000086c00000, 0x0000000086b00000| Untracked 
| 108|0x0000000086c00000, 0x0000000086d00000, 0x0000000086d00000|100%| O|  |TAMS 0x0000000086d00000, 0x0000000086c00000| Untracked 
| 109|0x0000000086d00000, 0x0000000086e00000, 0x0000000086e00000|100%| O|  |TAMS 0x0000000086e00000, 0x0000000086d00000| Untracked 
| 110|0x0000000086e00000, 0x0000000086f00000, 0x0000000086f00000|100%| O|  |TAMS 0x0000000086f00000, 0x0000000086e00000| Untracked 
| 111|0x0000000086f00000, 0x0000000087000000, 0x0000000087000000|100%| O|  |TAMS 0x0000000087000000, 0x0000000086f00000| Untracked 
| 112|0x0000000087000000, 0x0000000087100000, 0x0000000087100000|100%| O|  |TAMS 0x0000000087100000, 0x0000000087000000| Untracked 
| 113|0x0000000087100000, 0x0000000087200000, 0x0000000087200000|100%| O|  |TAMS 0x0000000087200000, 0x0000000087100000| Untracked 
| 114|0x0000000087200000, 0x0000000087300000, 0x0000000087300000|100%| O|  |TAMS 0x0000000087300000, 0x0000000087200000| Untracked 
| 115|0x0000000087300000, 0x0000000087400000, 0x0000000087400000|100%| O|  |TAMS 0x0000000087400000, 0x0000000087300000| Untracked 
| 116|0x0000000087400000, 0x0000000087500000, 0x0000000087500000|100%| O|  |TAMS 0x0000000087500000, 0x0000000087400000| Untracked 
| 117|0x0000000087500000, 0x0000000087600000, 0x0000000087600000|100%| O|  |TAMS 0x0000000087600000, 0x0000000087500000| Untracked 
| 118|0x0000000087600000, 0x0000000087700000, 0x0000000087700000|100%| O|  |TAMS 0x0000000087700000, 0x0000000087600000| Untracked 
| 119|0x0000000087700000, 0x0000000087800000, 0x0000000087800000|100%| O|  |TAMS 0x0000000087800000, 0x0000000087700000| Untracked 
| 120|0x0000000087800000, 0x0000000087900000, 0x0000000087900000|100%| O|  |TAMS 0x0000000087900000, 0x0000000087800000| Untracked 
| 121|0x0000000087900000, 0x0000000087a00000, 0x0000000087a00000|100%| O|  |TAMS 0x0000000087a00000, 0x0000000087900000| Untracked 
| 122|0x0000000087a00000, 0x0000000087b00000, 0x0000000087b00000|100%| O|  |TAMS 0x0000000087b00000, 0x0000000087a00000| Untracked 
| 123|0x0000000087b00000, 0x0000000087c00000, 0x0000000087c00000|100%| O|  |TAMS 0x0000000087c00000, 0x0000000087b00000| Untracked 
| 124|0x0000000087c00000, 0x0000000087d00000, 0x0000000087d00000|100%| O|  |TAMS 0x0000000087d00000, 0x0000000087c00000| Untracked 
| 125|0x0000000087d00000, 0x0000000087e00000, 0x0000000087e00000|100%| O|  |TAMS 0x0000000087e00000, 0x0000000087d00000| Untracked 
| 126|0x0000000087e00000, 0x0000000087f00000, 0x0000000087f00000|100%| O|  |TAMS 0x0000000087f00000, 0x0000000087e00000| Untracked 
| 127|0x0000000087f00000, 0x0000000088000000, 0x0000000088000000|100%| O|  |TAMS 0x0000000088000000, 0x0000000087f00000| Untracked 
| 128|0x0000000088000000, 0x0000000088100000, 0x0000000088100000|100%| O|  |TAMS 0x0000000088080000, 0x0000000088000000| Untracked 
| 129|0x0000000088100000, 0x0000000088200000, 0x0000000088200000|100%| O|  |TAMS 0x0000000088100000, 0x0000000088100000| Untracked 
| 130|0x0000000088200000, 0x0000000088300000, 0x0000000088300000|100%| O|  |TAMS 0x0000000088200000, 0x0000000088200000| Untracked 
| 131|0x0000000088300000, 0x0000000088400000, 0x0000000088400000|100%| O|  |TAMS 0x0000000088300000, 0x0000000088300000| Untracked 
| 132|0x0000000088400000, 0x0000000088400000, 0x0000000088500000|  0%| F|  |TAMS 0x0000000088400000, 0x0000000088400000| Untracked 
| 133|0x0000000088500000, 0x0000000088500000, 0x0000000088600000|  0%| F|  |TAMS 0x0000000088500000, 0x0000000088500000| Untracked 
| 134|0x0000000088600000, 0x0000000088600000, 0x0000000088700000|  0%| F|  |TAMS 0x0000000088600000, 0x0000000088600000| Untracked 
| 135|0x0000000088700000, 0x0000000088700000, 0x0000000088800000|  0%| F|  |TAMS 0x0000000088700000, 0x0000000088700000| Untracked 
| 136|0x0000000088800000, 0x0000000088800000, 0x0000000088900000|  0%| F|  |TAMS 0x0000000088800000, 0x0000000088800000| Untracked 
| 137|0x0000000088900000, 0x0000000088900000, 0x0000000088a00000|  0%| F|  |TAMS 0x0000000088900000, 0x0000000088900000| Untracked 
| 138|0x0000000088a00000, 0x0000000088a00000, 0x0000000088b00000|  0%| F|  |TAMS 0x0000000088a00000, 0x0000000088a00000| Untracked 
| 139|0x0000000088b00000, 0x0000000088b00000, 0x0000000088c00000|  0%| F|  |TAMS 0x0000000088b00000, 0x0000000088b00000| Untracked 
| 140|0x0000000088c00000, 0x0000000088c00000, 0x0000000088d00000|  0%| F|  |TAMS 0x0000000088c00000, 0x0000000088c00000| Untracked 
| 141|0x0000000088d00000, 0x0000000088d00000, 0x0000000088e00000|  0%| F|  |TAMS 0x0000000088d00000, 0x0000000088d00000| Untracked 
| 142|0x0000000088e00000, 0x0000000088e00000, 0x0000000088f00000|  0%| F|  |TAMS 0x0000000088e00000, 0x0000000088e00000| Untracked 
| 143|0x0000000088f00000, 0x0000000088f00000, 0x0000000089000000|  0%| F|  |TAMS 0x0000000088f00000, 0x0000000088f00000| Untracked 
| 144|0x0000000089000000, 0x0000000089000000, 0x0000000089100000|  0%| F|  |TAMS 0x0000000089000000, 0x0000000089000000| Untracked 
| 145|0x0000000089100000, 0x0000000089100000, 0x0000000089200000|  0%| F|  |TAMS 0x0000000089100000, 0x0000000089100000| Untracked 
| 146|0x0000000089200000, 0x0000000089200000, 0x0000000089300000|  0%| F|  |TAMS 0x0000000089200000, 0x0000000089200000| Untracked 
| 147|0x0000000089300000, 0x0000000089300000, 0x0000000089400000|  0%| F|  |TAMS 0x0000000089300000, 0x0000000089300000| Untracked 
| 148|0x0000000089400000, 0x0000000089400000, 0x0000000089500000|  0%| F|  |TAMS 0x0000000089400000, 0x0000000089400000| Untracked 
| 149|0x0000000089500000, 0x0000000089500000, 0x0000000089600000|  0%| F|  |TAMS 0x0000000089500000, 0x0000000089500000| Untracked 
| 150|0x0000000089600000, 0x0000000089600000, 0x0000000089700000|  0%| F|  |TAMS 0x0000000089600000, 0x0000000089600000| Untracked 
| 151|0x0000000089700000, 0x0000000089700000, 0x0000000089800000|  0%| F|  |TAMS 0x0000000089700000, 0x0000000089700000| Untracked 
| 152|0x0000000089800000, 0x0000000089800000, 0x0000000089900000|  0%| F|  |TAMS 0x0000000089800000, 0x0000000089800000| Untracked 
| 153|0x0000000089900000, 0x0000000089900000, 0x0000000089a00000|  0%| F|  |TAMS 0x0000000089900000, 0x0000000089900000| Untracked 
| 154|0x0000000089a00000, 0x0000000089a00000, 0x0000000089b00000|  0%| F|  |TAMS 0x0000000089a00000, 0x0000000089a00000| Untracked 
| 155|0x0000000089b00000, 0x0000000089b00000, 0x0000000089c00000|  0%| F|  |TAMS 0x0000000089b00000, 0x0000000089b00000| Untracked 
| 156|0x0000000089c00000, 0x0000000089c00000, 0x0000000089d00000|  0%| F|  |TAMS 0x0000000089c00000, 0x0000000089c00000| Untracked 
| 157|0x0000000089d00000, 0x0000000089d00000, 0x0000000089e00000|  0%| F|  |TAMS 0x0000000089d00000, 0x0000000089d00000| Untracked 
| 158|0x0000000089e00000, 0x0000000089e00000, 0x0000000089f00000|  0%| F|  |TAMS 0x0000000089e00000, 0x0000000089e00000| Untracked 
| 159|0x0000000089f00000, 0x0000000089f00000, 0x000000008a000000|  0%| F|  |TAMS 0x0000000089f00000, 0x0000000089f00000| Untracked 
| 160|0x000000008a000000, 0x000000008a000000, 0x000000008a100000|  0%| F|  |TAMS 0x000000008a000000, 0x000000008a000000| Untracked 
| 161|0x000000008a100000, 0x000000008a100000, 0x000000008a200000|  0%| F|  |TAMS 0x000000008a100000, 0x000000008a100000| Untracked 
| 162|0x000000008a200000, 0x000000008a200000, 0x000000008a300000|  0%| F|  |TAMS 0x000000008a200000, 0x000000008a200000| Untracked 
| 163|0x000000008a300000, 0x000000008a300000, 0x000000008a400000|  0%| F|  |TAMS 0x000000008a300000, 0x000000008a300000| Untracked 
| 164|0x000000008a400000, 0x000000008a400000, 0x000000008a500000|  0%| F|  |TAMS 0x000000008a400000, 0x000000008a400000| Untracked 
| 165|0x000000008a500000, 0x000000008a500000, 0x000000008a600000|  0%| F|  |TAMS 0x000000008a500000, 0x000000008a500000| Untracked 
| 166|0x000000008a600000, 0x000000008a600000, 0x000000008a700000|  0%| F|  |TAMS 0x000000008a600000, 0x000000008a600000| Untracked 
| 167|0x000000008a700000, 0x000000008a700000, 0x000000008a800000|  0%| F|  |TAMS 0x000000008a700000, 0x000000008a700000| Untracked 
| 168|0x000000008a800000, 0x000000008a800000, 0x000000008a900000|  0%| F|  |TAMS 0x000000008a800000, 0x000000008a800000| Untracked 
| 169|0x000000008a900000, 0x000000008a900000, 0x000000008aa00000|  0%| F|  |TAMS 0x000000008a900000, 0x000000008a900000| Untracked 
| 170|0x000000008aa00000, 0x000000008aa00000, 0x000000008ab00000|  0%| F|  |TAMS 0x000000008aa00000, 0x000000008aa00000| Untracked 
| 171|0x000000008ab00000, 0x000000008ab00000, 0x000000008ac00000|  0%| F|  |TAMS 0x000000008ab00000, 0x000000008ab00000| Untracked 
| 172|0x000000008ac00000, 0x000000008ac00000, 0x000000008ad00000|  0%| F|  |TAMS 0x000000008ac00000, 0x000000008ac00000| Untracked 
| 173|0x000000008ad00000, 0x000000008ad00000, 0x000000008ae00000|  0%| F|  |TAMS 0x000000008ad00000, 0x000000008ad00000| Untracked 
| 174|0x000000008ae00000, 0x000000008ae00000, 0x000000008af00000|  0%| F|  |TAMS 0x000000008ae00000, 0x000000008ae00000| Untracked 
| 175|0x000000008af00000, 0x000000008af00000, 0x000000008b000000|  0%| F|  |TAMS 0x000000008af00000, 0x000000008af00000| Untracked 
| 176|0x000000008b000000, 0x000000008b000000, 0x000000008b100000|  0%| F|  |TAMS 0x000000008b000000, 0x000000008b000000| Untracked 
| 177|0x000000008b100000, 0x000000008b100000, 0x000000008b200000|  0%| F|  |TAMS 0x000000008b100000, 0x000000008b100000| Untracked 
| 178|0x000000008b200000, 0x000000008b200000, 0x000000008b300000|  0%| F|  |TAMS 0x000000008b200000, 0x000000008b200000| Untracked 
| 179|0x000000008b300000, 0x000000008b400000, 0x000000008b400000|100%| S|CS|TAMS 0x000000008b300000, 0x000000008b300000| Complete 
| 180|0x000000008b400000, 0x000000008b500000, 0x000000008b500000|100%| S|CS|TAMS 0x000000008b400000, 0x000000008b400000| Complete 
| 181|0x000000008b500000, 0x000000008b600000, 0x000000008b600000|100%| S|CS|TAMS 0x000000008b500000, 0x000000008b500000| Complete 
| 182|0x000000008b600000, 0x000000008b600000, 0x000000008b700000|  0%| F|  |TAMS 0x000000008b600000, 0x000000008b600000| Untracked 
| 183|0x000000008b700000, 0x000000008b800000, 0x000000008b800000|100%| S|CS|TAMS 0x000000008b700000, 0x000000008b700000| Complete 
| 184|0x000000008b800000, 0x000000008b900000, 0x000000008b900000|100%| S|CS|TAMS 0x000000008b800000, 0x000000008b800000| Complete 
| 185|0x000000008b900000, 0x000000008ba00000, 0x000000008ba00000|100%| S|CS|TAMS 0x000000008b900000, 0x000000008b900000| Complete 
| 186|0x000000008ba00000, 0x000000008ba00000, 0x000000008bb00000|  0%| F|  |TAMS 0x000000008ba00000, 0x000000008ba00000| Untracked 
| 187|0x000000008bb00000, 0x000000008bb00000, 0x000000008bc00000|  0%| F|  |TAMS 0x000000008bb00000, 0x000000008bb00000| Untracked 
| 188|0x000000008bc00000, 0x000000008bc00000, 0x000000008bd00000|  0%| F|  |TAMS 0x000000008bc00000, 0x000000008bc00000| Untracked 
| 189|0x000000008bd00000, 0x000000008bd00000, 0x000000008be00000|  0%| F|  |TAMS 0x000000008bd00000, 0x000000008bd00000| Untracked 
| 190|0x000000008be00000, 0x000000008be00000, 0x000000008bf00000|  0%| F|  |TAMS 0x000000008be00000, 0x000000008be00000| Untracked 
| 191|0x000000008bf00000, 0x000000008bf00000, 0x000000008c000000|  0%| F|  |TAMS 0x000000008bf00000, 0x000000008bf00000| Untracked 
| 192|0x000000008c000000, 0x000000008c000000, 0x000000008c100000|  0%| F|  |TAMS 0x000000008c000000, 0x000000008c000000| Untracked 
| 193|0x000000008c100000, 0x000000008c100000, 0x000000008c200000|  0%| F|  |TAMS 0x000000008c100000, 0x000000008c100000| Untracked 
| 194|0x000000008c200000, 0x000000008c200000, 0x000000008c300000|  0%| F|  |TAMS 0x000000008c200000, 0x000000008c200000| Untracked 
| 195|0x000000008c300000, 0x000000008c300000, 0x000000008c400000|  0%| F|  |TAMS 0x000000008c300000, 0x000000008c300000| Untracked 
| 196|0x000000008c400000, 0x000000008c400000, 0x000000008c500000|  0%| F|  |TAMS 0x000000008c400000, 0x000000008c400000| Untracked 
| 197|0x000000008c500000, 0x000000008c500000, 0x000000008c600000|  0%| F|  |TAMS 0x000000008c500000, 0x000000008c500000| Untracked 
| 198|0x000000008c600000, 0x000000008c600000, 0x000000008c700000|  0%| F|  |TAMS 0x000000008c600000, 0x000000008c600000| Untracked 
| 199|0x000000008c700000, 0x000000008c700000, 0x000000008c800000|  0%| F|  |TAMS 0x000000008c700000, 0x000000008c700000| Untracked 
| 200|0x000000008c800000, 0x000000008c800000, 0x000000008c900000|  0%| F|  |TAMS 0x000000008c800000, 0x000000008c800000| Untracked 
| 201|0x000000008c900000, 0x000000008c900000, 0x000000008ca00000|  0%| F|  |TAMS 0x000000008c900000, 0x000000008c900000| Untracked 
| 202|0x000000008ca00000, 0x000000008ca00000, 0x000000008cb00000|  0%| F|  |TAMS 0x000000008ca00000, 0x000000008ca00000| Untracked 
| 203|0x000000008cb00000, 0x000000008cb00000, 0x000000008cc00000|  0%| F|  |TAMS 0x000000008cb00000, 0x000000008cb00000| Untracked 
| 204|0x000000008cc00000, 0x000000008cc00000, 0x000000008cd00000|  0%| F|  |TAMS 0x000000008cc00000, 0x000000008cc00000| Untracked 
| 205|0x000000008cd00000, 0x000000008cd00000, 0x000000008ce00000|  0%| F|  |TAMS 0x000000008cd00000, 0x000000008cd00000| Untracked 
| 206|0x000000008ce00000, 0x000000008ce00000, 0x000000008cf00000|  0%| F|  |TAMS 0x000000008ce00000, 0x000000008ce00000| Untracked 
| 207|0x000000008cf00000, 0x000000008cf00000, 0x000000008d000000|  0%| F|  |TAMS 0x000000008cf00000, 0x000000008cf00000| Untracked 
| 208|0x000000008d000000, 0x000000008d000000, 0x000000008d100000|  0%| F|  |TAMS 0x000000008d000000, 0x000000008d000000| Untracked 
| 209|0x000000008d100000, 0x000000008d100000, 0x000000008d200000|  0%| F|  |TAMS 0x000000008d100000, 0x000000008d100000| Untracked 
| 210|0x000000008d200000, 0x000000008d200000, 0x000000008d300000|  0%| F|  |TAMS 0x000000008d200000, 0x000000008d200000| Untracked 
| 211|0x000000008d300000, 0x000000008d300000, 0x000000008d400000|  0%| F|  |TAMS 0x000000008d300000, 0x000000008d300000| Untracked 
| 212|0x000000008d400000, 0x000000008d400000, 0x000000008d500000|  0%| F|  |TAMS 0x000000008d400000, 0x000000008d400000| Untracked 
| 213|0x000000008d500000, 0x000000008d500000, 0x000000008d600000|  0%| F|  |TAMS 0x000000008d500000, 0x000000008d500000| Untracked 
| 214|0x000000008d600000, 0x000000008d600000, 0x000000008d700000|  0%| F|  |TAMS 0x000000008d600000, 0x000000008d600000| Untracked 
| 215|0x000000008d700000, 0x000000008d700000, 0x000000008d800000|  0%| F|  |TAMS 0x000000008d700000, 0x000000008d700000| Untracked 
| 216|0x000000008d800000, 0x000000008d800000, 0x000000008d900000|  0%| F|  |TAMS 0x000000008d800000, 0x000000008d800000| Untracked 
| 217|0x000000008d900000, 0x000000008d900000, 0x000000008da00000|  0%| F|  |TAMS 0x000000008d900000, 0x000000008d900000| Untracked 
| 218|0x000000008da00000, 0x000000008da00000, 0x000000008db00000|  0%| F|  |TAMS 0x000000008da00000, 0x000000008da00000| Untracked 
| 219|0x000000008db00000, 0x000000008db00000, 0x000000008dc00000|  0%| F|  |TAMS 0x000000008db00000, 0x000000008db00000| Untracked 
| 220|0x000000008dc00000, 0x000000008dc00000, 0x000000008dd00000|  0%| F|  |TAMS 0x000000008dc00000, 0x000000008dc00000| Untracked 
| 221|0x000000008dd00000, 0x000000008dd00000, 0x000000008de00000|  0%| F|  |TAMS 0x000000008dd00000, 0x000000008dd00000| Untracked 
| 222|0x000000008de00000, 0x000000008de00000, 0x000000008df00000|  0%| F|  |TAMS 0x000000008de00000, 0x000000008de00000| Untracked 
| 223|0x000000008df00000, 0x000000008df00000, 0x000000008e000000|  0%| F|  |TAMS 0x000000008df00000, 0x000000008df00000| Untracked 
| 224|0x000000008e000000, 0x000000008e000000, 0x000000008e100000|  0%| F|  |TAMS 0x000000008e000000, 0x000000008e000000| Untracked 
| 225|0x000000008e100000, 0x000000008e100000, 0x000000008e200000|  0%| F|  |TAMS 0x000000008e100000, 0x000000008e100000| Untracked 
| 226|0x000000008e200000, 0x000000008e200000, 0x000000008e300000|  0%| F|  |TAMS 0x000000008e200000, 0x000000008e200000| Untracked 
| 227|0x000000008e300000, 0x000000008e300000, 0x000000008e400000|  0%| F|  |TAMS 0x000000008e300000, 0x000000008e300000| Untracked 
| 228|0x000000008e400000, 0x000000008e400000, 0x000000008e500000|  0%| F|  |TAMS 0x000000008e400000, 0x000000008e400000| Untracked 
| 229|0x000000008e500000, 0x000000008e500000, 0x000000008e600000|  0%| F|  |TAMS 0x000000008e500000, 0x000000008e500000| Untracked 
| 230|0x000000008e600000, 0x000000008e600000, 0x000000008e700000|  0%| F|  |TAMS 0x000000008e600000, 0x000000008e600000| Untracked 
| 231|0x000000008e700000, 0x000000008e700000, 0x000000008e800000|  0%| F|  |TAMS 0x000000008e700000, 0x000000008e700000| Untracked 
| 232|0x000000008e800000, 0x000000008e800000, 0x000000008e900000|  0%| F|  |TAMS 0x000000008e800000, 0x000000008e800000| Untracked 
| 233|0x000000008e900000, 0x000000008e900000, 0x000000008ea00000|  0%| F|  |TAMS 0x000000008e900000, 0x000000008e900000| Untracked 
| 234|0x000000008ea00000, 0x000000008ea00000, 0x000000008eb00000|  0%| F|  |TAMS 0x000000008ea00000, 0x000000008ea00000| Untracked 
| 235|0x000000008eb00000, 0x000000008eb00000, 0x000000008ec00000|  0%| F|  |TAMS 0x000000008eb00000, 0x000000008eb00000| Untracked 
| 236|0x000000008ec00000, 0x000000008ec00000, 0x000000008ed00000|  0%| F|  |TAMS 0x000000008ec00000, 0x000000008ec00000| Untracked 
| 237|0x000000008ed00000, 0x000000008ed00000, 0x000000008ee00000|  0%| F|  |TAMS 0x000000008ed00000, 0x000000008ed00000| Untracked 
| 238|0x000000008ee00000, 0x000000008ee00000, 0x000000008ef00000|  0%| F|  |TAMS 0x000000008ee00000, 0x000000008ee00000| Untracked 
| 239|0x000000008ef00000, 0x000000008ef00000, 0x000000008f000000|  0%| F|  |TAMS 0x000000008ef00000, 0x000000008ef00000| Untracked 
| 240|0x000000008f000000, 0x000000008f000000, 0x000000008f100000|  0%| F|  |TAMS 0x000000008f000000, 0x000000008f000000| Untracked 
| 241|0x000000008f100000, 0x000000008f100000, 0x000000008f200000|  0%| F|  |TAMS 0x000000008f100000, 0x000000008f100000| Untracked 
| 242|0x000000008f200000, 0x000000008f200000, 0x000000008f300000|  0%| F|  |TAMS 0x000000008f200000, 0x000000008f200000| Untracked 
| 243|0x000000008f300000, 0x000000008f300000, 0x000000008f400000|  0%| F|  |TAMS 0x000000008f300000, 0x000000008f300000| Untracked 
| 244|0x000000008f400000, 0x000000008f400000, 0x000000008f500000|  0%| F|  |TAMS 0x000000008f400000, 0x000000008f400000| Untracked 
| 245|0x000000008f500000, 0x000000008f500000, 0x000000008f600000|  0%| F|  |TAMS 0x000000008f500000, 0x000000008f500000| Untracked 
| 246|0x000000008f600000, 0x000000008f600000, 0x000000008f700000|  0%| F|  |TAMS 0x000000008f600000, 0x000000008f600000| Untracked 
| 247|0x000000008f700000, 0x000000008f700000, 0x000000008f800000|  0%| F|  |TAMS 0x000000008f700000, 0x000000008f700000| Untracked 
| 248|0x000000008f800000, 0x000000008f800000, 0x000000008f900000|  0%| F|  |TAMS 0x000000008f800000, 0x000000008f800000| Untracked 
| 249|0x000000008f900000, 0x000000008f900000, 0x000000008fa00000|  0%| F|  |TAMS 0x000000008f900000, 0x000000008f900000| Untracked 
| 250|0x000000008fa00000, 0x000000008fa00000, 0x000000008fb00000|  0%| F|  |TAMS 0x000000008fa00000, 0x000000008fa00000| Untracked 
| 251|0x000000008fb00000, 0x000000008fb00000, 0x000000008fc00000|  0%| F|  |TAMS 0x000000008fb00000, 0x000000008fb00000| Untracked 
| 252|0x000000008fc00000, 0x000000008fc00000, 0x000000008fd00000|  0%| F|  |TAMS 0x000000008fc00000, 0x000000008fc00000| Untracked 
| 253|0x000000008fd00000, 0x000000008fd00000, 0x000000008fe00000|  0%| F|  |TAMS 0x000000008fd00000, 0x000000008fd00000| Untracked 
| 254|0x000000008fe00000, 0x000000008fe00000, 0x000000008ff00000|  0%| F|  |TAMS 0x000000008fe00000, 0x000000008fe00000| Untracked 
| 255|0x000000008ff00000, 0x000000008ff00000, 0x0000000090000000|  0%| F|  |TAMS 0x000000008ff00000, 0x000000008ff00000| Untracked 
| 256|0x0000000090000000, 0x0000000090000000, 0x0000000090100000|  0%| F|  |TAMS 0x0000000090000000, 0x0000000090000000| Untracked 
| 257|0x0000000090100000, 0x0000000090100000, 0x0000000090200000|  0%| F|  |TAMS 0x0000000090100000, 0x0000000090100000| Untracked 
| 258|0x0000000090200000, 0x0000000090200000, 0x0000000090300000|  0%| F|  |TAMS 0x0000000090200000, 0x0000000090200000| Untracked 
| 259|0x0000000090300000, 0x0000000090300000, 0x0000000090400000|  0%| F|  |TAMS 0x0000000090300000, 0x0000000090300000| Untracked 
| 260|0x0000000090400000, 0x0000000090400000, 0x0000000090500000|  0%| F|  |TAMS 0x0000000090400000, 0x0000000090400000| Untracked 
| 261|0x0000000090500000, 0x0000000090500000, 0x0000000090600000|  0%| F|  |TAMS 0x0000000090500000, 0x0000000090500000| Untracked 
| 262|0x0000000090600000, 0x0000000090600000, 0x0000000090700000|  0%| F|  |TAMS 0x0000000090600000, 0x0000000090600000| Untracked 
| 263|0x0000000090700000, 0x0000000090700000, 0x0000000090800000|  0%| F|  |TAMS 0x0000000090700000, 0x0000000090700000| Untracked 
| 264|0x0000000090800000, 0x0000000090800000, 0x0000000090900000|  0%| F|  |TAMS 0x0000000090800000, 0x0000000090800000| Untracked 
| 265|0x0000000090900000, 0x0000000090900000, 0x0000000090a00000|  0%| F|  |TAMS 0x0000000090900000, 0x0000000090900000| Untracked 
| 266|0x0000000090a00000, 0x0000000090a00000, 0x0000000090b00000|  0%| F|  |TAMS 0x0000000090a00000, 0x0000000090a00000| Untracked 
| 267|0x0000000090b00000, 0x0000000090b2f608, 0x0000000090c00000| 18%| E|  |TAMS 0x0000000090b00000, 0x0000000090b00000| Complete 
| 268|0x0000000090c00000, 0x0000000090d00000, 0x0000000090d00000|100%| E|CS|TAMS 0x0000000090c00000, 0x0000000090c00000| Complete 
| 269|0x0000000090d00000, 0x0000000090e00000, 0x0000000090e00000|100%| E|CS|TAMS 0x0000000090d00000, 0x0000000090d00000| Complete 
| 270|0x0000000090e00000, 0x0000000090f00000, 0x0000000090f00000|100%| E|CS|TAMS 0x0000000090e00000, 0x0000000090e00000| Complete 
| 271|0x0000000090f00000, 0x0000000091000000, 0x0000000091000000|100%| E|CS|TAMS 0x0000000090f00000, 0x0000000090f00000| Complete 
| 272|0x0000000091000000, 0x0000000091100000, 0x0000000091100000|100%| E|CS|TAMS 0x0000000091000000, 0x0000000091000000| Complete 
| 273|0x0000000091100000, 0x0000000091200000, 0x0000000091200000|100%| E|CS|TAMS 0x0000000091100000, 0x0000000091100000| Complete 
| 274|0x0000000091200000, 0x0000000091300000, 0x0000000091300000|100%| E|CS|TAMS 0x0000000091200000, 0x0000000091200000| Complete 
| 275|0x0000000091300000, 0x0000000091400000, 0x0000000091400000|100%| E|CS|TAMS 0x0000000091300000, 0x0000000091300000| Complete 
| 276|0x0000000091400000, 0x0000000091500000, 0x0000000091500000|100%| E|CS|TAMS 0x0000000091400000, 0x0000000091400000| Complete 
| 277|0x0000000091500000, 0x0000000091600000, 0x0000000091600000|100%| E|CS|TAMS 0x0000000091500000, 0x0000000091500000| Complete 

Card table byte_map: [0x0000029b7e6b0000,0x0000029b7eab0000] _byte_map_base: 0x0000029b7e2b0000

Marking Bits (Prev, Next): (CMBitMap*) 0x0000029b6b19fdb8, (CMBitMap*) 0x0000029b6b19fdf0
 Prev Bits: [0x0000029b00000000, 0x0000029b02000000)
 Next Bits: [0x0000029b02000000, 0x0000029b04000000)

Polling page: 0x0000029b6ec60000

Metaspace:

Usage:
  Non-class:    103.68 MB capacity,   101.82 MB ( 98%) used,     1.53 MB (  1%) free+waste,   336.31 KB ( <1%) overhead. 
      Class:     15.89 MB capacity,    14.84 MB ( 93%) used,   930.62 KB (  6%) free+waste,   152.31 KB ( <1%) overhead. 
       Both:    119.57 MB capacity,   116.65 MB ( 98%) used,     2.44 MB (  2%) free+waste,   488.63 KB ( <1%) overhead. 

Virtual space:
  Non-class space:      104.00 MB reserved,     103.82 MB (>99%) committed 
      Class space:        1.00 GB reserved,      16.13 MB (  2%) committed 
             Both:        1.10 GB reserved,     119.95 MB ( 11%) committed 

Chunk freelists:
   Non-Class:  143.00 KB
       Class:  111.00 KB
        Both:  254.00 KB

MaxMetaspaceSize: 17179869184.00 GB
CompressedClassSpaceSize: 1.00 GB

CodeHeap 'non-profiled nmethods': size=120064Kb used=9598Kb max_used=9598Kb free=110465Kb
 bounds [0x0000029b76740000, 0x0000029b770a0000, 0x0000029b7dc80000]
CodeHeap 'profiled nmethods': size=120000Kb used=33976Kb max_used=33976Kb free=86023Kb
 bounds [0x0000029b6f210000, 0x0000029b71340000, 0x0000029b76740000]
CodeHeap 'non-nmethods': size=5696Kb used=2370Kb max_used=2425Kb free=3325Kb
 bounds [0x0000029b6ec80000, 0x0000029b6eef0000, 0x0000029b6f210000]
 total_blobs=16292 nmethods=15299 adapters=903
 compilation: enabled
              stopped_count=0, restarted_count=0
 full_count=0

Compilation events (20 events):
Event: 6261.670 Thread 0x0000029b079f3000 nmethod 15403 0x0000029b7709e210 code [0x0000029b7709e3c0, 0x0000029b7709e468]
Event: 6261.670 Thread 0x0000029b0605d800 nmethod 15408 0x0000029b71337e90 code [0x0000029b71338280, 0x0000029b71339d98]
Event: 6261.676 Thread 0x0000029b079f3000 15409       4       jdk.internal.reflect.ClassFileAssembler::emitConstantPoolNameAndType (28 bytes)
Event: 6261.676 Thread 0x0000029b0605d800 15410       3       java.lang.Integer::toHexString (6 bytes)
Event: 6261.677 Thread 0x0000029b0605d800 nmethod 15410 0x0000029b6f222f90 code [0x0000029b6f223140, 0x0000029b6f223248]
Event: 6261.677 Thread 0x0000029b0605d800 15411       3       java.lang.Integer::toUnsignedString0 (78 bytes)
Event: 6261.677 Thread 0x0000029b0605d800 nmethod 15411 0x0000029b7133a810 code [0x0000029b7133aa00, 0x0000029b7133ae58]
Event: 6261.680 Thread 0x0000029b0605d800 15412       1       org.gradle.invocation.DefaultGradle::getServices (5 bytes)
Event: 6261.680 Thread 0x0000029b0605d800 nmethod 15412 0x0000029b7709e510 code [0x0000029b7709e6c0, 0x0000029b7709e778]
Event: 6261.680 Thread 0x0000029b0605d800 15413       3       org.gradle.internal.service.DefaultServiceRegistry$SingletonService::isFactory (146 bytes)
Event: 6261.682 Thread 0x0000029b0605d800 nmethod 15413 0x0000029b7133b010 code [0x0000029b7133b320, 0x0000029b7133c498]
Event: 6261.685 Thread 0x0000029b0605d800 15414       3       org.gradle.tooling.internal.provider.runner.SubtreeFilteringBuildOperationListener::started (118 bytes)
Event: 6261.686 Thread 0x0000029b0605d800 nmethod 15414 0x0000029b7133c990 code [0x0000029b7133cc20, 0x0000029b7133d8e8]
Event: 6261.687 Thread 0x0000029b079f3000 nmethod 15409 0x0000029b7709e810 code [0x0000029b7709ea20, 0x0000029b7709efa0]
Event: 6261.688 Thread 0x0000029b079f3000 15415       4       org.gradle.api.internal.AbstractMutationGuard::assertMutationAllowed (28 bytes)
Event: 6261.690 Thread 0x0000029b0605d800 15416       3       org.gradle.cache.internal.DefaultCrossBuildInMemoryCacheFactory$AbstractCrossBuildInMemoryCache::getIfPresentWithoutLock (43 bytes)
Event: 6261.690 Thread 0x0000029b0605d800 nmethod 15416 0x0000029b7133dc90 code [0x0000029b7133de80, 0x0000029b7133e288]
Event: 6261.691 Thread 0x0000029b079f3000 nmethod 15415 0x0000029b7709f590 code [0x0000029b7709f740, 0x0000029b7709f898]
Event: 6261.694 Thread 0x0000029b079f3000 15417       4       jdk.internal.reflect.NativeMethodAccessorImpl::invoke (104 bytes)
Event: 6261.694 Thread 0x0000029b0605d800 15418       3       org.gradle.invocation.DefaultGradle_Decorated::getIdentityPath (39 bytes)

GC Heap History (20 events):
Event: 14.050 GC heap before
{Heap before GC invocations=12 (full 0):
 garbage-first heap   total 236544K, used 172859K [0x0000000080000000, 0x0000000100000000)
  region size 1024K, 108 young (110592K), 14 survivors (14336K)
 Metaspace       used 61961K, capacity 63691K, committed 63944K, reserved 1105920K
  class space    used 7929K, capacity 8526K, committed 8576K, reserved 1048576K
}
Event: 14.072 GC heap after
{Heap after GC invocations=13 (full 0):
 garbage-first heap   total 284672K, used 80896K [0x0000000080000000, 0x0000000100000000)
  region size 1024K, 5 young (5120K), 5 survivors (5120K)
 Metaspace       used 61961K, capacity 63691K, committed 63944K, reserved 1105920K
  class space    used 7929K, capacity 8526K, committed 8576K, reserved 1048576K
}
Event: 17.037 GC heap before
{Heap before GC invocations=13 (full 0):
 garbage-first heap   total 284672K, used 206848K [0x0000000080000000, 0x0000000100000000)
  region size 1024K, 127 young (130048K), 5 survivors (5120K)
 Metaspace       used 74458K, capacity 76437K, committed 76616K, reserved 1116160K
  class space    used 9466K, capacity 10177K, committed 10240K, reserved 1048576K
}
Event: 17.057 GC heap after
{Heap after GC invocations=14 (full 0):
 garbage-first heap   total 284672K, used 87622K [0x0000000080000000, 0x0000000100000000)
  region size 1024K, 12 young (12288K), 12 survivors (12288K)
 Metaspace       used 74458K, capacity 76437K, committed 76616K, reserved 1116160K
  class space    used 9466K, capacity 10177K, committed 10240K, reserved 1048576K
}
Event: 17.564 GC heap before
{Heap before GC invocations=14 (full 0):
 garbage-first heap   total 284672K, used 142918K [0x0000000080000000, 0x0000000100000000)
  region size 1024K, 67 young (68608K), 12 survivors (12288K)
 Metaspace       used 76274K, capacity 78288K, committed 78408K, reserved 1118208K
  class space    used 9697K, capacity 10410K, committed 10496K, reserved 1048576K
}
Event: 17.604 GC heap after
{Heap after GC invocations=15 (full 0):
 garbage-first heap   total 284672K, used 92918K [0x0000000080000000, 0x0000000100000000)
  region size 1024K, 13 young (13312K), 13 survivors (13312K)
 Metaspace       used 76274K, capacity 78288K, committed 78408K, reserved 1118208K
  class space    used 9697K, capacity 10410K, committed 10496K, reserved 1048576K
}
Event: 19.815 GC heap before
{Heap before GC invocations=16 (full 0):
 garbage-first heap   total 284672K, used 218870K [0x0000000080000000, 0x0000000100000000)
  region size 1024K, 128 young (131072K), 13 survivors (13312K)
 Metaspace       used 85755K, capacity 88037K, committed 88136K, reserved 1126400K
  class space    used 11145K, capacity 11933K, committed 12032K, reserved 1048576K
}
Event: 19.856 GC heap after
{Heap after GC invocations=17 (full 0):
 garbage-first heap   total 284672K, used 111142K [0x0000000080000000, 0x0000000100000000)
  region size 1024K, 14 young (14336K), 14 survivors (14336K)
 Metaspace       used 85755K, capacity 88037K, committed 88136K, reserved 1126400K
  class space    used 11145K, capacity 11933K, committed 12032K, reserved 1048576K
}
Event: 21.930 GC heap before
{Heap before GC invocations=18 (full 0):
 garbage-first heap   total 284672K, used 220710K [0x0000000080000000, 0x0000000100000000)
  region size 1024K, 121 young (123904K), 14 survivors (14336K)
 Metaspace       used 98077K, capacity 100462K, committed 100680K, reserved 1136640K
  class space    used 12630K, capacity 13488K, committed 13568K, reserved 1048576K
}
Event: 21.959 GC heap after
{Heap after GC invocations=19 (full 0):
 garbage-first heap   total 284672K, used 117760K [0x0000000080000000, 0x0000000100000000)
  region size 1024K, 7 young (7168K), 7 survivors (7168K)
 Metaspace       used 98077K, capacity 100462K, committed 100680K, reserved 1136640K
  class space    used 12630K, capacity 13488K, committed 13568K, reserved 1048576K
}
Event: 27.565 GC heap before
{Heap before GC invocations=19 (full 0):
 garbage-first heap   total 284672K, used 224256K [0x0000000080000000, 0x0000000100000000)
  region size 1024K, 112 young (114688K), 7 survivors (7168K)
 Metaspace       used 105442K, capacity 108118K, committed 108360K, reserved 1142784K
  class space    used 13521K, capacity 14503K, committed 14592K, reserved 1048576K
}
Event: 27.597 GC heap after
{Heap after GC invocations=20 (full 0):
 garbage-first heap   total 284672K, used 124928K [0x0000000080000000, 0x0000000100000000)
  region size 1024K, 14 young (14336K), 14 survivors (14336K)
 Metaspace       used 105442K, capacity 108118K, committed 108360K, reserved 1142784K
  class space    used 13521K, capacity 14503K, committed 14592K, reserved 1048576K
}
Event: 32.960 GC heap before
{Heap before GC invocations=20 (full 0):
 garbage-first heap   total 284672K, used 227328K [0x0000000080000000, 0x0000000100000000)
  region size 1024K, 115 young (117760K), 14 survivors (14336K)
 Metaspace       used 107720K, capacity 110480K, committed 110664K, reserved 1144832K
  class space    used 13770K, capacity 14787K, committed 14848K, reserved 1048576K
}
Event: 32.995 GC heap after
{Heap after GC invocations=21 (full 0):
 garbage-first heap   total 284672K, used 131829K [0x0000000080000000, 0x0000000100000000)
  region size 1024K, 8 young (8192K), 8 survivors (8192K)
 Metaspace       used 107720K, capacity 110480K, committed 110664K, reserved 1144832K
  class space    used 13770K, capacity 14787K, committed 14848K, reserved 1048576K
}
Event: 34.331 GC heap before
{Heap before GC invocations=21 (full 0):
 garbage-first heap   total 284672K, used 229109K [0x0000000080000000, 0x0000000100000000)
  region size 1024K, 104 young (106496K), 8 survivors (8192K)
 Metaspace       used 114566K, capacity 117422K, committed 117576K, reserved 1150976K
  class space    used 14702K, capacity 15783K, committed 15872K, reserved 1048576K
}
Event: 34.353 GC heap after
{Heap after GC invocations=22 (full 0):
 garbage-first heap   total 284672K, used 136089K [0x0000000080000000, 0x0000000100000000)
  region size 1024K, 5 young (5120K), 5 survivors (5120K)
 Metaspace       used 114566K, capacity 117422K, committed 117576K, reserved 1150976K
  class space    used 14702K, capacity 15783K, committed 15872K, reserved 1048576K
}
Event: 632.702 GC heap before
{Heap before GC invocations=22 (full 0):
 garbage-first heap   total 284672K, used 232345K [0x0000000080000000, 0x0000000100000000)
  region size 1024K, 100 young (102400K), 5 survivors (5120K)
 Metaspace       used 119348K, capacity 122481K, committed 122824K, reserved 1155072K
  class space    used 15230K, capacity 16385K, committed 16512K, reserved 1048576K
}
Event: 632.721 GC heap after
{Heap after GC invocations=23 (full 0):
 garbage-first heap   total 284672K, used 141173K [0x0000000080000000, 0x0000000100000000)
  region size 1024K, 10 young (10240K), 10 survivors (10240K)
 Metaspace       used 119348K, capacity 122481K, committed 122824K, reserved 1155072K
  class space    used 15230K, capacity 16385K, committed 16512K, reserved 1048576K
}
Event: 5952.704 GC heap before
{Heap before GC invocations=24 (full 0):
 garbage-first heap   total 284672K, used 234357K [0x0000000080000000, 0x0000000100000000)
  region size 1024K, 102 young (104448K), 10 survivors (10240K)
 Metaspace       used 119365K, capacity 122303K, committed 122824K, reserved 1155072K
  class space    used 15172K, capacity 16258K, committed 16512K, reserved 1048576K
}
Event: 5952.752 GC heap after
{Heap after GC invocations=25 (full 0):
 garbage-first heap   total 284672K, used 141312K [0x0000000080000000, 0x0000000100000000)
  region size 1024K, 6 young (6144K), 6 survivors (6144K)
 Metaspace       used 119365K, capacity 122303K, committed 122824K, reserved 1155072K
  class space    used 15172K, capacity 16258K, committed 16512K, reserved 1048576K
}

Deoptimization events (20 events):
Event: 6261.656 Thread 0x0000029b071ab000 Uncommon trap: trap_request=0xffffff4d fr.pc=0x0000029b76f18854 relative=0x0000000000001074
Event: 6261.656 Thread 0x0000029b071ab000 Uncommon trap: reason=unstable_if action=reinterpret pc=0x0000029b76f18854 method=org.gradle.cache.internal.DefaultCrossBuildInMemoryCacheFactory$AbstractCrossBuildInMemoryCache.getIfPresentWithoutLock(Ljava/lang/Object;)Ljava/lang/Object; @ 24 c2
Event: 6261.656 Thread 0x0000029b071ab000 DEOPT PACKING pc=0x0000029b76f18854 sp=0x000000ce179f9320
Event: 6261.656 Thread 0x0000029b071ab000 DEOPT UNPACKING pc=0x0000029b6eca662f sp=0x000000ce179f9068 mode 2
Event: 6261.659 Thread 0x0000029b071ab000 Uncommon trap: trap_request=0xffffffde fr.pc=0x0000029b7707f7c8 relative=0x0000000000000128
Event: 6261.659 Thread 0x0000029b071ab000 Uncommon trap: reason=class_check action=maybe_recompile pc=0x0000029b7707f7c8 method=java.util.stream.ReferencePipeline$7$1.begin(J)V @ 7 c2
Event: 6261.659 Thread 0x0000029b071ab000 DEOPT PACKING pc=0x0000029b7707f7c8 sp=0x000000ce179f9430
Event: 6261.659 Thread 0x0000029b071ab000 DEOPT UNPACKING pc=0x0000029b6eca662f sp=0x000000ce179f93b8 mode 2
Event: 6261.659 Thread 0x0000029b071ab000 Uncommon trap: trap_request=0xffffffde fr.pc=0x0000029b7707f7c8 relative=0x0000000000000128
Event: 6261.659 Thread 0x0000029b071ab000 Uncommon trap: reason=class_check action=maybe_recompile pc=0x0000029b7707f7c8 method=java.util.stream.ReferencePipeline$7$1.begin(J)V @ 7 c2
Event: 6261.659 Thread 0x0000029b071ab000 DEOPT PACKING pc=0x0000029b7707f7c8 sp=0x000000ce179f9130
Event: 6261.659 Thread 0x0000029b071ab000 DEOPT UNPACKING pc=0x0000029b6eca662f sp=0x000000ce179f90b8 mode 2
Event: 6261.659 Thread 0x0000029b071ab000 Uncommon trap: trap_request=0xffffffde fr.pc=0x0000029b7707f7c8 relative=0x0000000000000128
Event: 6261.659 Thread 0x0000029b071ab000 Uncommon trap: reason=class_check action=maybe_recompile pc=0x0000029b7707f7c8 method=java.util.stream.ReferencePipeline$7$1.begin(J)V @ 7 c2
Event: 6261.659 Thread 0x0000029b071ab000 DEOPT PACKING pc=0x0000029b7707f7c8 sp=0x000000ce179f9130
Event: 6261.659 Thread 0x0000029b071ab000 DEOPT UNPACKING pc=0x0000029b6eca662f sp=0x000000ce179f90b8 mode 2
Event: 6261.659 Thread 0x0000029b071ab000 Uncommon trap: trap_request=0xffffff4d fr.pc=0x0000029b76ea70a8 relative=0x00000000000000e8
Event: 6261.659 Thread 0x0000029b071ab000 Uncommon trap: reason=unstable_if action=reinterpret pc=0x0000029b76ea70a8 method=org.gradle.internal.execution.fingerprint.impl.DefaultFileNormalizationSpec.equals(Ljava/lang/Object;)Z @ 62 c2
Event: 6261.660 Thread 0x0000029b071ab000 DEOPT PACKING pc=0x0000029b76ea70a8 sp=0x000000ce179f8c60
Event: 6261.660 Thread 0x0000029b071ab000 DEOPT UNPACKING pc=0x0000029b6eca662f sp=0x000000ce179f8c00 mode 2

Classes redefined (0 events):
No events

Internal exceptions (20 events):
Event: 39.048 Thread 0x0000029b07607000 Exception <a 'java/lang/NoSuchMethodError'{0x000000008cc9d648}: <clinit>> (0x000000008cc9d648) thrown at [./src/hotspot/share/prims/jni.cpp, line 1362]
Event: 39.049 Thread 0x0000029b07607000 Exception <a 'java/lang/NoSuchMethodError'{0x000000008ccaeb78}: <clinit>> (0x000000008ccaeb78) thrown at [./src/hotspot/share/prims/jni.cpp, line 1362]
Event: 39.051 Thread 0x0000029b07607000 Exception <a 'java/lang/NoSuchMethodError'{0x000000008cce3820}: <clinit>> (0x000000008cce3820) thrown at [./src/hotspot/share/prims/jni.cpp, line 1362]
Event: 39.054 Thread 0x0000029b07607000 Exception <a 'java/lang/NoSuchMethodError'{0x000000008cb1c118}: <clinit>> (0x000000008cb1c118) thrown at [./src/hotspot/share/prims/jni.cpp, line 1362]
Event: 39.129 Thread 0x0000029b07ab2000 Exception <a 'java/lang/NoSuchMethodError'{0x000000008c79d4e0}: <clinit>> (0x000000008c79d4e0) thrown at [./src/hotspot/share/prims/jni.cpp, line 1362]
Event: 39.130 Thread 0x0000029b07ab2000 Exception <a 'java/lang/NoSuchMethodError'{0x000000008c7ad5c8}: <clinit>> (0x000000008c7ad5c8) thrown at [./src/hotspot/share/prims/jni.cpp, line 1362]
Event: 39.132 Thread 0x0000029b07ab2000 Exception <a 'java/lang/NoSuchMethodError'{0x000000008c7c58f0}: <clinit>> (0x000000008c7c58f0) thrown at [./src/hotspot/share/prims/jni.cpp, line 1362]
Event: 39.159 Thread 0x0000029b07ab2000 Exception <a 'java/lang/NoSuchMethodError'{0x000000008c7e0208}: <clinit>> (0x000000008c7e0208) thrown at [./src/hotspot/share/prims/jni.cpp, line 1362]
Event: 39.160 Thread 0x0000029b07ab2000 Exception <a 'java/lang/NoSuchMethodError'{0x000000008c7eea88}: <clinit>> (0x000000008c7eea88) thrown at [./src/hotspot/share/prims/jni.cpp, line 1362]
Event: 39.192 Thread 0x0000029b07607000 Exception <a 'java/lang/NoSuchMethodError'{0x000000008c63d478}: 'int java.lang.invoke.DirectMethodHandle$Holder.invokeVirtual(java.lang.Object, java.lang.Object, java.lang.Object)'> (0x000000008c63d478) thrown at [./src/hotspot/share/interpreter/linkResolver.cpp, line 773]
Event: 39.194 Thread 0x0000029b07607000 Exception <a 'java/lang/IncompatibleClassChangeError'{0x000000008c6468b8}: Found class java.lang.Object, but interface was expected> (0x000000008c6468b8) thrown at [./src/hotspot/share/interpreter/linkResolver.cpp, line 839]
Event: 39.384 Thread 0x0000029b07607000 Implicit null exception at 0x0000029b76e6fbaf to 0x0000029b76e6fbfc
Event: 39.490 Thread 0x0000029b07607000 Implicit null exception at 0x0000029b76ea9c77 to 0x0000029b76eaa0c8
Event: 42.690 Thread 0x0000029b079b0000 Implicit null exception at 0x0000029b7677e6f7 to 0x0000029b7677ebf0
Event: 6261.620 Thread 0x0000029b071ab000 Implicit null exception at 0x0000029b76e96482 to 0x0000029b76e96f54
Event: 6261.680 Thread 0x0000029b071a6000 Exception <a 'java/lang/NoSuchMethodError'{0x0000000090ca8420}: <clinit>> (0x0000000090ca8420) thrown at [./src/hotspot/share/prims/jni.cpp, line 1362]
Event: 6261.681 Thread 0x0000029b071a6000 Exception <a 'java/lang/NoSuchMethodError'{0x0000000090ca99f8}: <clinit>> (0x0000000090ca99f8) thrown at [./src/hotspot/share/prims/jni.cpp, line 1362]
Event: 6261.683 Thread 0x0000029b071a6000 Exception <a 'java/lang/NoSuchMethodError'{0x0000000090cb8528}: <clinit>> (0x0000000090cb8528) thrown at [./src/hotspot/share/prims/jni.cpp, line 1362]
Event: 6261.683 Thread 0x0000029b071a6000 Exception <a 'java/lang/NoSuchMethodError'{0x0000000090cba378}: <clinit>> (0x0000000090cba378) thrown at [./src/hotspot/share/prims/jni.cpp, line 1362]
Event: 6261.684 Thread 0x0000029b071a6000 Exception <a 'java/lang/NoSuchMethodError'{0x0000000090cc1c78}: <clinit>> (0x0000000090cc1c78) thrown at [./src/hotspot/share/prims/jni.cpp, line 1362]

Events (20 events):
Event: 6261.692 loading class org/gradle/tooling/internal/protocol/events/InternalPluginIdentifier done
Event: 6261.692 loading class org/gradle/tooling/internal/provider/runner/PluginApplicationTracker$PluginApplication
Event: 6261.692 loading class org/gradle/tooling/internal/provider/runner/PluginApplicationTracker$PluginApplication done
Event: 6261.692 loading class org/gradle/tooling/internal/protocol/events/InternalPluginIdentifier
Event: 6261.692 loading class org/gradle/tooling/internal/protocol/events/InternalPluginIdentifier done
Event: 6261.692 loading class org/gradle/internal/operations/OperationIdentifier
Event: 6261.692 loading class org/gradle/internal/operations/OperationIdentifier done
Event: 6261.692 loading class org/gradle/tooling/internal/provider/runner/PluginApplicationTracker
Event: 6261.692 loading class org/gradle/tooling/internal/provider/runner/PluginApplicationTracker done
Event: 6261.693 loading class org/gradle/tooling/internal/protocol/events/InternalPluginIdentifier
Event: 6261.693 loading class org/gradle/tooling/internal/protocol/events/InternalPluginIdentifier done
Event: 6261.693 loading class org/gradle/tooling/internal/provider/runner/ClientForwardingProjectConfigurationOperationListener$PluginApplicationResult
Event: 6261.693 loading class org/gradle/tooling/internal/provider/runner/ClientForwardingProjectConfigurationOperationListener$PluginApplicationResult done
Event: 6261.693 loading class org/gradle/tooling/internal/protocol/events/InternalPluginIdentifier
Event: 6261.693 loading class org/gradle/tooling/internal/protocol/events/InternalPluginIdentifier done
Event: 6261.693 loading class org/gradle/tooling/internal/protocol/events/InternalPluginIdentifier
Event: 6261.693 loading class org/gradle/tooling/internal/protocol/events/InternalPluginIdentifier done
Event: 6261.694 loading class org/gradle/tooling/internal/protocol/events/InternalProjectConfigurationResult$InternalPluginApplicationResult
Event: 6261.694 loading class org/gradle/tooling/internal/protocol/events/InternalProjectConfigurationResult$InternalPluginApplicationResult done
Event: 6261.695 Executing VM operation: RevokeBias


Dynamic libraries:
0x00007ff7b3930000 - 0x00007ff7b393a000 	C:\Program Files\Android\android-studio\jre\bin\java.exe
0x00007ffd13950000 - 0x00007ffd13b45000 	C:\WINDOWS\SYSTEM32\ntdll.dll
0x00007ffd128d0000 - 0x00007ffd1298d000 	C:\WINDOWS\System32\KERNEL32.DLL
0x00007ffd112f0000 - 0x00007ffd115bd000 	C:\WINDOWS\System32\KERNELBASE.dll
0x00007ffd11770000 - 0x00007ffd11870000 	C:\WINDOWS\System32\ucrtbase.dll
0x00007ffd03ab0000 - 0x00007ffd03ac9000 	C:\Program Files\Android\android-studio\jre\bin\jli.dll
0x00007ffd03a90000 - 0x00007ffd03aa7000 	C:\Program Files\Android\android-studio\jre\bin\VCRUNTIME140.dll
0x00007ffd12fe0000 - 0x00007ffd13180000 	C:\WINDOWS\System32\USER32.dll
0x00007ffd111c0000 - 0x00007ffd111e2000 	C:\WINDOWS\System32\win32u.dll
0x00007ffd13290000 - 0x00007ffd132ba000 	C:\WINDOWS\System32\GDI32.dll
0x00007ffcfbeb0000 - 0x00007ffcfc14a000 	C:\WINDOWS\WinSxS\amd64_microsoft.windows.common-controls_6595b64144ccf1df_6.0.19041.1110_none_60b5254171f9507e\COMCTL32.dll
0x00007ffd11660000 - 0x00007ffd1176b000 	C:\WINDOWS\System32\gdi32full.dll
0x00007ffd11a30000 - 0x00007ffd11ace000 	C:\WINDOWS\System32\msvcrt.dll
0x00007ffd115c0000 - 0x00007ffd1165d000 	C:\WINDOWS\System32\msvcp_win.dll
0x00007ffd11a00000 - 0x00007ffd11a30000 	C:\WINDOWS\System32\IMM32.DLL
0x00007ffd039f0000 - 0x00007ffd03a8d000 	C:\Program Files\Android\android-studio\jre\bin\msvcp140.dll
0x00007ffcd8940000 - 0x00007ffcd9415000 	C:\Program Files\Android\android-studio\jre\bin\server\jvm.dll
0x00007ffd124d0000 - 0x00007ffd1257e000 	C:\WINDOWS\System32\ADVAPI32.dll
0x00007ffd131f0000 - 0x00007ffd1328c000 	C:\WINDOWS\System32\sechost.dll
0x00007ffd123a0000 - 0x00007ffd124c5000 	C:\WINDOWS\System32\RPCRT4.dll
0x00007ffd12f10000 - 0x00007ffd12f18000 	C:\WINDOWS\System32\PSAPI.DLL
0x00007ffd01740000 - 0x00007ffd01767000 	C:\WINDOWS\SYSTEM32\WINMM.dll
0x00007ffd02a10000 - 0x00007ffd02a19000 	C:\WINDOWS\SYSTEM32\WSOCK32.dll
0x00007ffd05a80000 - 0x00007ffd05a8a000 	C:\WINDOWS\SYSTEM32\VERSION.dll
0x00007ffd13180000 - 0x00007ffd131eb000 	C:\WINDOWS\System32\WS2_32.dll
0x00007ffd0ef60000 - 0x00007ffd0ef72000 	C:\WINDOWS\SYSTEM32\kernel.appcore.dll
0x00007ffcf9f00000 - 0x00007ffcf9f11000 	C:\Program Files\Android\android-studio\jre\bin\verify.dll
0x00007ffd0b3e0000 - 0x00007ffd0b5c4000 	C:\WINDOWS\SYSTEM32\DBGHELP.DLL
0x00007ffd0b2e0000 - 0x00007ffd0b30c000 	C:\WINDOWS\SYSTEM32\dbgcore.DLL
0x00007ffd11910000 - 0x00007ffd11992000 	C:\WINDOWS\System32\bcryptPrimitives.dll
0x00007ffcf9ed0000 - 0x00007ffcf9ef9000 	C:\Program Files\Android\android-studio\jre\bin\java.dll
0x00007ffcfdb90000 - 0x00007ffcfdb9b000 	C:\Program Files\Android\android-studio\jre\bin\jimage.dll
0x00007ffcf9eb0000 - 0x00007ffcf9ec8000 	C:\Program Files\Android\android-studio\jre\bin\zip.dll
0x00007ffd11ad0000 - 0x00007ffd12214000 	C:\WINDOWS\System32\SHELL32.dll
0x00007ffd0f160000 - 0x00007ffd0f8f4000 	C:\WINDOWS\SYSTEM32\windows.storage.dll
0x00007ffd12bb0000 - 0x00007ffd12f04000 	C:\WINDOWS\System32\combase.dll
0x00007ffd10ac0000 - 0x00007ffd10aec000 	C:\WINDOWS\SYSTEM32\Wldp.dll
0x00007ffd12990000 - 0x00007ffd12a3d000 	C:\WINDOWS\System32\SHCORE.dll
0x00007ffd119a0000 - 0x00007ffd119f5000 	C:\WINDOWS\System32\shlwapi.dll
0x00007ffd10fa0000 - 0x00007ffd10fbf000 	C:\WINDOWS\SYSTEM32\profapi.dll
0x00007ffcf88a0000 - 0x00007ffcf88ba000 	C:\Program Files\Android\android-studio\jre\bin\net.dll
0x00007ffd06370000 - 0x00007ffd0647a000 	C:\WINDOWS\SYSTEM32\WINHTTP.dll
0x00007ffd10820000 - 0x00007ffd1088a000 	C:\WINDOWS\system32\mswsock.dll
0x00007ffcf4570000 - 0x00007ffcf4584000 	C:\Program Files\Android\android-studio\jre\bin\nio.dll
0x00007ffcf8400000 - 0x00007ffcf8427000 	C:\Users\TOSHIBA\.gradle\native\e1d6ef7f7dcc3fd88c89a11ec53ec762bb8ba0a96d01ffa2cd45eb1d1d8dd5c5\windows-amd64\native-platform.dll
0x00007ffcea600000 - 0x00007ffcea744000 	C:\Users\TOSHIBA\.gradle\native\5664cfc778a61ccfe75a443a1ab52a65af34e5dc3c78e0209fed803814484fcb\windows-amd64\native-platform-file-events.dll
0x00007ffcfd890000 - 0x00007ffcfd89a000 	C:\Program Files\Android\android-studio\jre\bin\management.dll
0x00007ffcfd3f0000 - 0x00007ffcfd3fd000 	C:\Program Files\Android\android-studio\jre\bin\management_ext.dll
0x00007ffd10a20000 - 0x00007ffd10a38000 	C:\WINDOWS\SYSTEM32\CRYPTSP.dll
0x00007ffd10130000 - 0x00007ffd10164000 	C:\WINDOWS\system32\rsaenh.dll
0x00007ffd118e0000 - 0x00007ffd11907000 	C:\WINDOWS\System32\bcrypt.dll
0x00007ffd10f60000 - 0x00007ffd10f8e000 	C:\WINDOWS\SYSTEM32\USERENV.dll
0x00007ffd10a10000 - 0x00007ffd10a1c000 	C:\WINDOWS\SYSTEM32\CRYPTBASE.dll
0x00007ffd104c0000 - 0x00007ffd104fb000 	C:\WINDOWS\SYSTEM32\IPHLPAPI.DLL
0x00007ffd12f20000 - 0x00007ffd12f28000 	C:\WINDOWS\System32\NSI.dll
0x00007ffd0a570000 - 0x00007ffd0a587000 	C:\WINDOWS\SYSTEM32\dhcpcsvc6.DLL
0x00007ffd0aeb0000 - 0x00007ffd0aecd000 	C:\WINDOWS\SYSTEM32\dhcpcsvc.DLL
0x00007ffd10510000 - 0x00007ffd105db000 	C:\WINDOWS\SYSTEM32\DNSAPI.dll
0x00007ffcf3e20000 - 0x00007ffcf3e47000 	C:\Program Files\Android\android-studio\jre\bin\sunec.dll
0x00007ffd05a70000 - 0x00007ffd05a7a000 	C:\Windows\System32\rasadhlp.dll
0x00007ffd062f0000 - 0x00007ffd06370000 	C:\WINDOWS\System32\fwpuclnt.dll

dbghelp: loaded successfully - version: 4.0.5 - missing functions: none
symbol engine: initialized successfully - sym options: 0x614 - pdb path: .;C:\Program Files\Android\android-studio\jre\bin;C:\WINDOWS\SYSTEM32;C:\WINDOWS\WinSxS\amd64_microsoft.windows.common-controls_6595b64144ccf1df_6.0.19041.1110_none_60b5254171f9507e;C:\Program Files\Android\android-studio\jre\bin\server;C:\Users\TOSHIBA\.gradle\native\e1d6ef7f7dcc3fd88c89a11ec53ec762bb8ba0a96d01ffa2cd45eb1d1d8dd5c5\windows-amd64;C:\Users\TOSHIBA\.gradle\native\5664cfc778a61ccfe75a443a1ab52a65af34e5dc3c78e0209fed803814484fcb\windows-amd64

VM Arguments:
jvm_args: --add-opens=java.base/java.util=ALL-UNNAMED --add-opens=java.base/java.lang=ALL-UNNAMED --add-opens=java.base/java.lang.invoke=ALL-UNNAMED --add-opens=java.base/java.util=ALL-UNNAMED --add-opens=java.prefs/java.util.prefs=ALL-UNNAMED --add-opens=java.prefs/java.util.prefs=ALL-UNNAMED --add-opens=java.base/java.nio.charset=ALL-UNNAMED --add-opens=java.base/java.net=ALL-UNNAMED --add-opens=java.base/java.util.concurrent.atomic=ALL-UNNAMED -Xmx2048m -Dfile.encoding=UTF-8 -Duser.country=ID -Duser.language=en -Duser.variant 
java_command: org.gradle.launcher.daemon.bootstrap.GradleDaemon 7.2
java_class_path (initial): C:\Users\TOSHIBA\.gradle\wrapper\dists\gradle-7.2-bin\2dnblmf4td7x66yl1d74lt32g\gradle-7.2\lib\gradle-launcher-7.2.jar
Launcher Type: SUN_STANDARD

[Global flags]
     intx CICompilerCount                          = 3                                         {product} {ergonomic}
     uint ConcGCThreads                            = 1                                         {product} {ergonomic}
     uint G1ConcRefinementThreads                  = 4                                         {product} {ergonomic}
   size_t G1HeapRegionSize                         = 1048576                                   {product} {ergonomic}
    uintx GCDrainStackTargetSize                   = 64                                        {product} {ergonomic}
   size_t InitialHeapSize                          = 201326592                                 {product} {ergonomic}
   size_t MarkStackSize                            = 4194304                                   {product} {ergonomic}
   size_t MaxHeapSize                              = 2147483648                                {product} {command line}
   size_t MaxNewSize                               = 1287651328                                {product} {ergonomic}
   size_t MinHeapDeltaBytes                        = 1048576                                   {product} {ergonomic}
    uintx NonNMethodCodeHeapSize                   = 5830732                                {pd product} {ergonomic}
    uintx NonProfiledCodeHeapSize                  = 122913754                              {pd product} {ergonomic}
    uintx ProfiledCodeHeapSize                     = 122913754                              {pd product} {ergonomic}
    uintx ReservedCodeCacheSize                    = 251658240                              {pd product} {ergonomic}
     bool SegmentedCodeCache                       = true                                      {product} {ergonomic}
     bool UseCompressedClassPointers               = true                                 {lp64_product} {ergonomic}
     bool UseCompressedOops                        = true                                 {lp64_product} {ergonomic}
     bool UseG1GC                                  = true                                      {product} {ergonomic}
     bool UseLargePagesIndividualAllocation        = false                                  {pd product} {ergonomic}

Logging:
Log output configuration:
 #0: stdout all=warning uptime,level,tags
 #1: stderr all=off uptime,level,tags

Environment Variables:
JAVA_HOME=C:\Program Files\Java\jdk-12
CLASSPATH=.;
PATH=C:\Program Files (x86)\Common Files\Oracle\Java\javapath;C:\Program Files (x86)\DJKN-SIMAN;C:\Python27\;C:\Python27\Scripts;C:\WINDOWS\system32;C:\WINDOWS;C:\WINDOWS\System32\Wbem;C:\WINDOWS\System32\WindowsPowerShell\v1.0\;C:\WINDOWS\System32\OpenSSH\;C:\xampp\php;C:\ProgramData\ComposerSetup\bin;C:\ProgramData\chocolatey\bin;C:\Program Files\nodejs\;C:\Program Files\Java\jdk1.8.0_211\bin;c:\Users\TOSHIBA\AppData\Local\Android\Sdk\platform-tools;C:\Program Files (x86)\Microsoft SQL Server\100\Tools\Binn\;C:\Program Files\Microsoft SQL Server\100\Tools\Binn\;C:\Program Files\Microsoft SQL Server\100\DTS\Binn\;C:\Program Files (x86)\Kodak\Document Imaging\kds_s2000\Smart Touch\;C:\Program Files (x86)\Bitvise SSH Client;C:\Program Files\Git\cmd;C:\Users\TOSHIBA\AppData\Local\Microsoft\WindowsApps;C:\Users\TOSHIBA\AppData\Roaming\Composer\vendor\bin;C:\Users\TOSHIBA\AppData\Local\Programs\Microsoft VS Code\bin;C:\Users\TOSHIBA\AppData\Roaming\npm;
USERNAME=TOSHIBA
OS=Windows_NT
PROCESSOR_IDENTIFIER=Intel64 Family 6 Model 69 Stepping 1, GenuineIntel



---------------  S Y S T E M  ---------------

OS: Windows 10 , 64 bit Build 19041 (10.0.19041.1706)
OS uptime: 11 days 4:41 hours

CPU:total 4 (initial active 4) (2 cores per cpu, 2 threads per core) family 6 model 69 stepping 1 microcode 0x25, cmov, cx8, fxsr, mmx, sse, sse2, sse3, ssse3, sse4.1, sse4.2, popcnt, avx, avx2, aes, clmul, erms, lzcnt, ht, tsc, tscinvbit, bmi1, bmi2, fma

Memory: 4k page, system-wide physical 12213M (6371M free)
TotalPageFile size 14069M (AvailPageFile size 7263M)
current process WorkingSet (physical memory assigned to process): 529M, peak: 605M
current process commit charge ("private bytes"): 593M, peak: 634M

vm_info: OpenJDK 64-Bit Server VM (11.0.11+9-b60-7590822) for windows-amd64 JRE (11.0.11+9-b60-7590822), built on Jul 29 2021 21:43:44 by "builder" with MS VC++ 14.0 (VS2015)

END.
